#
# A fatal error has been detected by the Java Runtime Environment:
#
#  SIGILL (0x4) at pc=0x00007ff252c938ae, pid=4936, tid=4947
#
# JRE version: OpenJDK Runtime Environment Temurin-21.0.6+7 (21.0.6+7) (build 21.0.6+7-LTS)
# Java VM: OpenJDK 64-Bit Server VM Temurin-21.0.6+7 (21.0.6+7-LTS, mixed mode, sharing, tiered, compressed oops, compressed class ptrs, parallel gc, linux-amd64)
# Problematic frame:
# V  [libjvm.so+0x5ce8ae]  ciEnv::register_method(ciMethod*, int, CodeOffsets*, int, CodeBuffer*, int, OopMapSet*, ExceptionHandlerTable*, ImplicitExceptionTable*, AbstractCompiler*, bool, bool, bool, int, RTMState)+0x9e
#
# No core dump will be written. Core dumps have been disabled. To enable core dumping, try "ulimit -c unlimited" before starting Java again
#
# If you would like to submit a bug report, please visit:
#   https://github.com/adoptium/adoptium-support/issues
#

---------------  S U M M A R Y ------------

Command Line: --add-modules=ALL-SYSTEM --add-opens=java.base/java.util=ALL-UNNAMED --add-opens=java.base/java.lang=ALL-UNNAMED --add-opens=java.base/sun.nio.fs=ALL-UNNAMED -Declipse.application=org.eclipse.jdt.ls.core.id1 -Dosgi.bundles.defaultStartLevel=4 -Declipse.product=org.eclipse.jdt.ls.core.product -Djava.import.generatesMetadataFilesAtProjectRoot=false -DDetectVMInstallationsJob.disabled=true -Dfile.encoding=utf8 -XX:+UseParallelGC -XX:GCTimeRatio=4 -XX:AdaptiveSizePolicyWeight=90 -Dsun.zip.disableMemoryMapping=true -Xmx1G -Xms100m -Xlog:disable -javaagent:/home/upm/.vscode/extensions/redhat.java-1.41.1-linux-x64/lombok/lombok-1.18.36.jar -XX:+HeapDumpOnOutOfMemoryError -XX:HeapDumpPath=/home/upm/.config/Code/User/workspaceStorage/4f63ed319ae6bdb359ec8d0892c76dff/redhat.java -Daether.dependencyCollector.impl=bf /home/upm/.vscode/extensions/redhat.java-1.41.1-linux-x64/server/plugins/org.eclipse.equinox.launcher_1.7.0.v20250331-1702.jar -configuration /home/upm/.config/Code/User/globalStorage/redhat.java/1.41.1/config_linux -data /home/upm/.config/Code/User/workspaceStorage/4f63ed319ae6bdb359ec8d0892c76dff/redhat.java/jdt_ws --pipe=/run/user/1001/lsp-e5838ad6ebb38fc298a6c5b9cec775e1.sock

Host: Intel(R) Core(TM) i7-10510U CPU @ 1.80GHz, 4 cores, 3G, Ubuntu 20.04.6 LTS
Time: Thu Apr  3 11:33:34 2025 CEST elapsed time: 42.549488 seconds (0d 0h 0m 42s)

---------------  T H R E A D  ---------------

Current thread (0x00007ff24c0f9440):  JavaThread "C1 CompilerThread0" daemon [_thread_in_vm, id=4947, stack(0x00007ff25000d000,0x00007ff25010e000) (1028K)]


Current CompileTask:
C1:42549 10570 %     3       org.lombokweb.asm.ClassReader::readCode @ 2187 (5117 bytes)

Stack: [0x00007ff25000d000,0x00007ff25010e000],  sp=0x00007ff25010bea0,  free space=1019k
Native frames: (J=compiled Java code, j=interpreted, Vv=VM code, C=native code)
V  [libjvm.so+0x5ce8ae]  ciEnv::register_method(ciMethod*, int, CodeOffsets*, int, CodeBuffer*, int, OopMapSet*, ExceptionHandlerTable*, ImplicitExceptionTable*, AbstractCompiler*, bool, bool, bool, int, RTMState)+0x9e
V  [libjvm.so+0x4e741c]  Compilation::install_code(int)+0xbc
V  [libjvm.so+0x4e8c1d]  Compilation::compile_method()+0x27d
V  [libjvm.so+0x4e8e69]  Compilation::Compilation(AbstractCompiler*, ciEnv*, ciMethod*, int, BufferBlob*, bool, DirectiveSet*)+0x1f9
V  [libjvm.so+0x4e9d31]  Compiler::compile_method(ciEnv*, ciMethod*, int, bool, DirectiveSet*)+0xb1
V  [libjvm.so+0x677a9e]  CompileBroker::invoke_compiler_on_method(CompileTask*)+0xc9e
V  [libjvm.so+0x67ac88]  CompileBroker::compiler_thread_loop()+0x6a8
V  [libjvm.so+0x928c08]  JavaThread::thread_main_inner()+0x1d8
V  [libjvm.so+0xf78778]  Thread::call_run()+0xa8
V  [libjvm.so+0xd042ba]  thread_native_entry(Thread*)+0xda

siginfo: si_signo: 4 (SIGILL), si_code: 2 (ILL_ILLOPN), si_addr: 0x00007ff252c938ae

Registers:
RAX=0x0000000000000000, RBX=0x00007ff24c0f9440, RCX=0x000000006c65746e, RDX=0x0000000049656e69
RSP=0x00007ff25010bea0, RBP=0x00007ff25010bf30, RSI=0x0000000000000001, RDI=0x00007ff24c0f9440
R8 =0x0000000000000006, R9 =0xfffffffffffffffe, R10=0x0000000000000000, R11=0x0000000000000000
R12=0x00007ff25010c6c0, R13=0x00007ff1c81ab6a0, R14=0x00007ff1e85dc620, R15=0x00007ff1c91d4210
RIP=0x00007ff252c938ae, EFLAGS=0x0000000000010246, CSGSFS=0x002b000000000033, ERR=0x0000000000000000
  TRAPNO=0x0000000000000006

XMM[0]=0x0000000000000000 0x00007ff1e85dc620
XMM[1]=0x0000000000000000 0x00007ff24c0f9440
XMM[2]=0x0000000000000000 0x0000000000000000
XMM[3]=0x0000000000000000 0x0000000000010a2d
XMM[4]=0x0000f873000038cb 0x0000f8570000379d
XMM[5]=0x0000f7a50000357b 0x0000f7890000344d
XMM[6]=0x0000f695000030f2 0x0000f67900002fc4
XMM[7]=0x0000f5c700002cd2 0x0000f5ab00002ba4
XMM[8]=0xfffff808fffff808 0xfffff808fffff808
XMM[9]=0x0000000000000000 0x0000000000000000
XMM[10]=0xffff0000000000ff 0xff00000000000000
XMM[11]=0x0000000000000000 0x00007ff25387f600
XMM[12]=0x0000000000000000 0x0000000000000000
XMM[13]=0x0000000000000000 0x0000000000000000
XMM[14]=0x0000000000000000 0x0000000000000000
XMM[15]=0x0000000000000000 0x0000000000000000
  MXCSR=0x00001fa0


Register to memory mapping:

RAX=0x0 is null
RBX=0x00007ff24c0f9440 is a thread
RCX=0x000000006c65746e is an unknown value
RDX=0x0000000049656e69 is an unknown value
RSP=0x00007ff25010bea0 is pointing into the stack for thread: 0x00007ff24c0f9440
RBP=0x00007ff25010bf30 is pointing into the stack for thread: 0x00007ff24c0f9440
RSI=0x0000000000000001 is an unknown value
RDI=0x00007ff24c0f9440 is a thread
R8 =0x0000000000000006 is an unknown value
R9 =0xfffffffffffffffe is an unknown value
R10=0x0 is null
R11=0x0 is null
R12=0x00007ff25010c6c0 is pointing into the stack for thread: 0x00007ff24c0f9440
R13=0x00007ff1c81ab6a0 points into unknown readable memory: 0x00007ff253b7eba8 | a8 eb b7 53 f2 7f 00 00
R14={method} {0x00007ff1e85dc620} 'readCode' '(Lorg/lombokweb/asm/MethodVisitor;Lorg/lombokweb/asm/Context;I)V' in 'org/lombokweb/asm/ClassReader'
R15=0x00007ff1c91d4210 points into unknown readable memory: 0x000004000000024f | 4f 02 00 00 00 04 00 00

Top of Stack: (sp=0x00007ff25010bea0)
0x00007ff25010bea0:   00007ff25010c160 0000000000000000
0x00007ff25010beb0:   00007ff200000000 00007ff252bad40a
0x00007ff25010bec0:   00007ff100000000 00007ff180df90b0
0x00007ff25010bed0:   00007ff2000004d8 00007ff25010c218
0x00007ff25010bee0:   000000000000088b 00007ff25010c238
0x00007ff25010bef0:   0000000000000000 0003aa11ffffffff
0x00007ff25010bf00:   0003af110003ac91 00007ff25010c160
0x00007ff25010bf10:   000000000000009e 0000000000000000
0x00007ff25010bf20:   00007ff25010c6c0 00007ff1c91d4210
0x00007ff25010bf30:   00007ff25010bfe0 00007ff252bac41c
0x00007ff25010bf40:   000000000000009e 00007ff1c91d4210
0x00007ff25010bf50:   00007ff25010c1e0 00007ff25010c1f8
0x00007ff25010bf60:   00007ff24c0f7800 0000000000000000
0x00007ff25010bf70:   0000000000000000 0000000000000000
0x00007ff25010bf80:   0000000000000000 0000000000000002
0x00007ff25010bf90:   0000000000000000 0000000000000000
0x00007ff25010bfa0:   00007ff24c0f7800 00007ff200000000
0x00007ff25010bfb0:   00007ff25010bfe0 00007ff25010c160
0x00007ff25010bfc0:   00007ff25010bff0 00007ff2537d2d27
0x00007ff25010bfd0:   00007ff253bee099 000000000000013c
0x00007ff25010bfe0:   00007ff25010c070 00007ff252badc1d
0x00007ff25010bff0:   00007ff24c050000 0000000000000000
0x00007ff25010c000:   00007ff24c05e227 0000000000000000
0x00007ff25010c010:   00007ff25010c360 00007ff2537d2d27
0x00007ff25010c020:   0000000000000000 0000000000000000
0x00007ff25010c030:   00007ff20000000c 00007ff25346bb7d
0x00007ff25010c040:   00007ff25010c1f8 00007ff25010c160
0x00007ff25010c050:   00007ff24c0f9c20 00007ff1c81ab6a0
0x00007ff25010c060:   00007ff25010c080 00007ff25010c1f8
0x00007ff25010c070:   00007ff25010c100 00007ff252bade69
0x00007ff25010c080:   00000000ffff0000 0000000000000000
0x00007ff25010c090:   00007ff2fbad8001 00007ff25010c300 

Instructions: (pc=0x00007ff252c938ae)
0x00007ff252c937ae:   05 2d 7c f2 00 4c 89 ea 48 8d 35 5b 36 b8 00 48
0x00007ff252c937be:   8b 38 31 c0 e8 09 34 74 00 4c 89 f7 e8 a1 24 74
0x00007ff252c937ce:   00 e9 4a ff ff ff 0f 1f 40 00 48 8d 05 01 7c f2
0x00007ff252c937de:   00 48 8d 35 5a 36 b8 00 48 8b 38 31 c0 e8 e0 33
0x00007ff252c937ee:   74 00 44 89 f7 e8 08 41 cd ff e9 21 ff ff ff e8
0x00007ff252c937fe:   7e 3f cd ff 66 66 2e 0f 1f 84 00 00 00 00 00 0f
0x00007ff252c9380e:   1f 00 55 48 89 e5 41 57 41 56 41 55 49 89 f5 41
0x00007ff252c9381e:   54 49 89 fc 53 48 83 ec 68 8b 45 38 89 55 b0 48
0x00007ff252c9382e:   89 4d a8 89 45 90 8b 45 40 44 89 45 a0 89 45 80
0x00007ff252c9383e:   8b 45 48 4c 89 4d b8 89 85 78 ff ff ff 66 48 8d
0x00007ff252c9384e:   3d 6d 3b f1 00 66 66 48 e8 b5 3e cd ff 48 8b 18
0x00007ff252c9385e:   48 8d 05 eb a6 f5 00 80 38 00 c7 83 44 04 00 00
0x00007ff252c9386e:   06 00 00 00 75 05 f0 83 04 24 00 48 8b 83 48 04
0x00007ff252c9387e:   00 00 a8 01 0f 85 98 04 00 00 8b 83 40 04 00 00
0x00007ff252c9388e:   a8 0c 0f 85 7a 04 00 00 c7 83 44 04 00 00 06 00
0x00007ff252c9389e:   00 00 4d 8b 75 10 66 48 0f 6e cb 66 49 0f 6e c6
0x00007ff252c938ae:   66 0f 6c c1 0f 29 45 c0 4d 85 f6 74 26 4c 8b bb
0x00007ff252c938be:   28 03 00 00 49 63 07 41 3b 47 04 0f 84 a1 04 00
0x00007ff252c938ce:   00 8d 48 01 41 89 0f 49 8b 4f 08 4c 89 34 c1 4c
0x00007ff252c938de:   8b 75 c0 49 83 7e 18 00 0f 84 4c 04 00 00 e8 6f
0x00007ff252c938ee:   95 07 00 48 8d 05 08 5b f7 00 4c 8b 38 4d 85 ff
0x00007ff252c938fe:   74 0b 48 89 de 4c 89 ff e8 05 89 6e 00 48 8d 05
0x00007ff252c9390e:   f6 5a f7 00 4c 8b 30 4d 85 f6 74 08 4c 89 f7 e8
0x00007ff252c9391e:   2e 89 6e 00 49 83 7c 24 58 00 0f 84 b2 00 00 00
0x00007ff252c9392e:   48 8b 45 c0 48 8b 40 10 48 85 c0 74 0c 41 80 7c
0x00007ff252c9393e:   24 60 00 0f 85 b9 04 00 00 48 8b 7d b8 e8 f0 ff
0x00007ff252c9394e:   06 00 4d 85 f6 74 08 4c 89 f7 e8 93 8a 6e 00 4d
0x00007ff252c9395e:   85 ff 74 08 4c 89 ff e8 86 8a 6e 00 48 8d 7d c0
0x00007ff252c9396e:   e8 bd f1 2c 00 4c 8b a3 98 01 00 00 49 8b 44 24
0x00007ff252c9397e:   10 48 83 38 00 74 0d 4c 89 e7 e8 23 f4 2c 00 49
0x00007ff252c9398e:   8b 44 24 10 49 8b 54 24 08 48 8d bb 98 03 00 00
0x00007ff252c9399e:   48 89 42 10 49 8b 44 24 08 49 8b 54 24 18 48 89 


Stack slot to memory mapping:

stack at sp + 0 slots: 0x00007ff25010c160 is pointing into the stack for thread: 0x00007ff24c0f9440
stack at sp + 1 slots: 0x0 is null
stack at sp + 2 slots: 0x00007ff200000000 is an unknown value
stack at sp + 3 slots: 0x00007ff252bad40a: <offset 0x00000000004e840a> in /home/upm/.vscode/extensions/redhat.java-1.41.1-linux-x64/jre/21.0.6-linux-x86_64/lib/server/libjvm.so at 0x00007ff2526c5000
stack at sp + 4 slots: 0x00007ff100000000 is an unknown value
stack at sp + 5 slots: 0x00007ff180df90b0 points into unknown readable memory: 0x0000020000000195 | 95 01 00 00 00 02 00 00
stack at sp + 6 slots: 0x00007ff2000004d8 is an unknown value
stack at sp + 7 slots: 0x00007ff25010c218 is pointing into the stack for thread: 0x00007ff24c0f9440


---------------  P R O C E S S  ---------------

Threads class SMR info:
_java_thread_list=0x00007ff188177680, length=35, elements={
0x00007ff24c02b760, 0x00007ff24c0f0ae0, 0x00007ff24c0f2010, 0x00007ff24c0f3760,
0x00007ff24c0f4d60, 0x00007ff24c0f62c0, 0x00007ff24c0f7dc0, 0x00007ff24c0f9440,
0x00007ff24c129600, 0x00007ff24c1e81b0, 0x00007ff24c3f8fe0, 0x00007ff24c460d40,
0x00007ff1ac01b140, 0x00007ff24c463cb0, 0x00007ff1a42a66a0, 0x00007ff1a433f3e0,
0x00007ff1a4385bd0, 0x00007ff1a43d1a70, 0x00007ff1a43e8160, 0x00007ff19400a060,
0x00007ff180000e70, 0x00007ff1a499aa40, 0x00007ff18c001820, 0x00007ff17c000e70,
0x00007ff24c205d90, 0x00007ff24c4c1f40, 0x00007ff24c4c30b0, 0x00007ff17c08af50,
0x00007ff19c002ec0, 0x00007ff1980017a0, 0x00007ff19c00cc00, 0x00007ff1cc884610,
0x00007ff18c004040, 0x00007ff188176390, 0x00007ff188176a90
}

Java Threads: ( => current thread )
  0x00007ff24c02b760 JavaThread "main"                              [_thread_blocked, id=4937, stack(0x00007ff25246b000,0x00007ff25256c000) (1028K)]
  0x00007ff24c0f0ae0 JavaThread "Reference Handler"          daemon [_thread_blocked, id=4941, stack(0x00007ff250613000,0x00007ff250714000) (1028K)]
  0x00007ff24c0f2010 JavaThread "Finalizer"                  daemon [_thread_blocked, id=4942, stack(0x00007ff250512000,0x00007ff250613000) (1028K)]
  0x00007ff24c0f3760 JavaThread "Signal Dispatcher"          daemon [_thread_blocked, id=4943, stack(0x00007ff250411000,0x00007ff250512000) (1028K)]
  0x00007ff24c0f4d60 JavaThread "Service Thread"             daemon [_thread_blocked, id=4944, stack(0x00007ff250310000,0x00007ff250411000) (1028K)]
  0x00007ff24c0f62c0 JavaThread "Monitor Deflation Thread"   daemon [_thread_blocked, id=4945, stack(0x00007ff25020f000,0x00007ff250310000) (1028K)]
  0x00007ff24c0f7dc0 JavaThread "C2 CompilerThread0"         daemon [_thread_in_native, id=4946, stack(0x00007ff25010e000,0x00007ff25020f000) (1028K)]
=>0x00007ff24c0f9440 JavaThread "C1 CompilerThread0"         daemon [_thread_in_vm, id=4947, stack(0x00007ff25000d000,0x00007ff25010e000) (1028K)]
  0x00007ff24c129600 JavaThread "Common-Cleaner"             daemon [_thread_blocked, id=4948, stack(0x00007ff239d38000,0x00007ff239e39000) (1028K)]
  0x00007ff24c1e81b0 JavaThread "Notification Thread"        daemon [_thread_blocked, id=4953, stack(0x00007ff239ae5000,0x00007ff239be6000) (1028K)]
  0x00007ff24c3f8fe0 JavaThread "Active Thread: Equinox Container: a959d9ff-5c4e-4380-a136-012e8987e690"        [_thread_blocked, id=5054, stack(0x00007ff2396e1000,0x00007ff2397e2000) (1028K)]
  0x00007ff24c460d40 JavaThread "Refresh Thread: Equinox Container: a959d9ff-5c4e-4380-a136-012e8987e690" daemon [_thread_blocked, id=5068, stack(0x00007ff2395e0000,0x00007ff2396e1000) (1028K)]
  0x00007ff1ac01b140 JavaThread "Framework Event Dispatcher: Equinox Container: a959d9ff-5c4e-4380-a136-012e8987e690" daemon [_thread_blocked, id=5071, stack(0x00007ff2394cb000,0x00007ff2395cc000) (1028K)]
  0x00007ff24c463cb0 JavaThread "Start Level: Equinox Container: a959d9ff-5c4e-4380-a136-012e8987e690" daemon [_thread_blocked, id=5075, stack(0x00007ff2393ca000,0x00007ff2394cb000) (1028K)]
  0x00007ff1a42a66a0 JavaThread "Bundle File Closer"         daemon [_thread_blocked, id=5084, stack(0x00007ff239be6000,0x00007ff239ce7000) (1028K)]
  0x00007ff1a433f3e0 JavaThread "SCR Component Actor"        daemon [_thread_blocked, id=5092, stack(0x00007ff2392c9000,0x00007ff2393ca000) (1028K)]
  0x00007ff1a4385bd0 JavaThread "Worker-JM"                         [_thread_blocked, id=5103, stack(0x00007ff2390c7000,0x00007ff2391c8000) (1028K)]
  0x00007ff1a43d1a70 JavaThread "Worker-0: Java indexing... "        [_thread_blocked, id=5105, stack(0x00007ff238fc6000,0x00007ff2390c7000) (1028K)]
  0x00007ff1a43e8160 JavaThread "Worker-1: Building"                [_thread_blocked, id=5107, stack(0x00007ff238ec5000,0x00007ff238fc6000) (1028K)]
  0x00007ff19400a060 JavaThread "Worker-2"                          [_thread_blocked, id=5131, stack(0x00007ff238cc3000,0x00007ff238dc4000) (1028K)]
  0x00007ff180000e70 JavaThread "Worker-3: Updating workspace"        [_thread_blocked, id=5132, stack(0x00007ff238dc4000,0x00007ff238ec5000) (1028K)]
  0x00007ff1a499aa40 JavaThread "Java indexing"              daemon [_thread_blocked, id=5136, stack(0x00007ff238bc2000,0x00007ff238cc3000) (1028K)]
  0x00007ff18c001820 JavaThread "Worker-4"                          [_thread_blocked, id=5144, stack(0x00007ff238ac1000,0x00007ff238bc2000) (1028K)]
  0x00007ff17c000e70 JavaThread "Worker-5: Initialize workspace"        [_thread_blocked, id=5145, stack(0x00007ff2389c0000,0x00007ff238ac1000) (1028K)]
  0x00007ff24c205d90 JavaThread "pool-2-thread-1"                   [_thread_blocked, id=5148, stack(0x00007ff23878d000,0x00007ff23888e000) (1028K)]
  0x00007ff24c4c1f40 JavaThread "WorkspaceEventsHandler"            [_thread_blocked, id=5150, stack(0x00007ff23868c000,0x00007ff23878d000) (1028K)]
  0x00007ff24c4c30b0 JavaThread "pool-1-thread-1"                   [_thread_blocked, id=5151, stack(0x00007ff23858b000,0x00007ff23868c000) (1028K)]
  0x00007ff17c08af50 JavaThread "LocalFile Deleter"          daemon [_thread_blocked, id=5200, stack(0x00007ff238187000,0x00007ff238288000) (1028K)]
  0x00007ff19c002ec0 JavaThread "LocalFile Deleter"          daemon [_thread_blocked, id=5201, stack(0x00007ff238086000,0x00007ff238187000) (1028K)]
  0x00007ff1980017a0 JavaThread "LocalFile Deleter"          daemon [_thread_blocked, id=5202, stack(0x00007ff1f0eff000,0x00007ff1f1000000) (1028K)]
  0x00007ff19c00cc00 JavaThread "LocalFile Deleter"          daemon [_thread_blocked, id=5203, stack(0x00007ff1f0dfe000,0x00007ff1f0eff000) (1028K)]
  0x00007ff1cc884610 JavaThread "C2 CompilerThread1"         daemon [_thread_blocked, id=5231, stack(0x00007ff23888e000,0x00007ff23898f000) (1028K)]
  0x00007ff18c004040 JavaThread "Worker-6"                          [_thread_blocked, id=5247, stack(0x00007ff23848a000,0x00007ff23858b000) (1028K)]
  0x00007ff188176390 JavaThread "Compiler Source File Reader" daemon [_thread_blocked, id=5259, stack(0x00007ff238288000,0x00007ff238389000) (1028K)]
  0x00007ff188176a90 JavaThread "Compiler Source File Reader" daemon [_thread_blocked, id=5260, stack(0x00007ff238389000,0x00007ff23848a000) (1028K)]
Total: 35

Other Threads:
  0x00007ff24c0e72e0 VMThread "VM Thread"                           [id=4940, stack(0x00007ff250c89000,0x00007ff250d89000) (1024K)] _threads_hazard_ptr=0x00007ff188177680
  0x00007ff24c051510 WatcherThread "VM Periodic Task Thread"        [id=4939, stack(0x00007ff251996000,0x00007ff251a96000) (1024K)]
  0x00007ff24c0426e0 WorkerThread "GC Thread#0"                     [id=4938, stack(0x00007ff251f1e000,0x00007ff25201e000) (1024K)]
  0x00007ff1e0000fe0 WorkerThread "GC Thread#1"                     [id=4980, stack(0x00007ff2399e5000,0x00007ff239ae5000) (1024K)]
  0x00007ff1e0002db0 WorkerThread "GC Thread#2"                     [id=4981, stack(0x00007ff2398e4000,0x00007ff2399e4000) (1024K)]
  0x00007ff1e0003820 WorkerThread "GC Thread#3"                     [id=4982, stack(0x00007ff2397e3000,0x00007ff2398e3000) (1024K)]
Total: 6

Threads with active compile tasks:
C2 CompilerThread0  42583 10066       4       org.eclipse.jdt.internal.compiler.parser.Scanner::internalScanIdentifierOrKeyword (5081 bytes)
C1 CompilerThread0  42584 10570 %     3       org.lombokweb.asm.ClassReader::readCode @ 2187 (5117 bytes)
C2 CompilerThread1  42584 10595       4       org.eclipse.core.runtime.Path::append (147 bytes)
Total: 3

VM state: synchronizing (normal execution)

VM Mutex/Monitor currently owned by a thread:  ([mutex/lock_event])
[0x00007ff253c09cd8] Threads_lock - owner thread: 0x00007ff24c0e72e0
[0x00007ff253c09bd8] Heap_lock - owner thread: 0x00007ff1a499aa40

Heap address: 0x00000000c0000000, size: 1024 MB, Compressed Oops mode: 32-bit

CDS archive(s) mapped at: [0x00007ff1f1000000-0x00007ff1f1bb6000-0x00007ff1f1bb6000), size 12279808, SharedBaseAddress: 0x00007ff1f1000000, ArchiveRelocationMode: 1.
Compressed class space mapped at: 0x00007ff1f2000000-0x00007ff232000000, reserved size: 1073741824
Narrow klass base: 0x00007ff1f1000000, Narrow klass shift: 0, Narrow klass range: 0x100000000

GC Precious Log:
 CardTable entry size: 512
 CPUs: 4 total, 4 available
 Memory: 3919M
 Large Page Support: Disabled
 NUMA Support: Disabled
 Compressed Oops: Enabled (32-bit)
 Alignments: Space 512K, Generation 512K, Heap 2M
 Heap Min Capacity: 100M
 Heap Initial Capacity: 100M
 Heap Max Capacity: 1G
 Pre-touch: Disabled
 Parallel Workers: 4

Heap:
 PSYoungGen      total 13312K, used 13017K [0x00000000eab00000, 0x00000000eba80000, 0x0000000100000000)
  eden space 11776K, 100% used [0x00000000eab00000,0x00000000eb680000,0x00000000eb680000)
  from space 1536K, 80% used [0x00000000eb680000,0x00000000eb7b6560,0x00000000eb800000)
  to   space 2048K, 0% used [0x00000000eb880000,0x00000000eb880000,0x00000000eba80000)
 ParOldGen       total 100352K, used 87001K [0x00000000c0000000, 0x00000000c6200000, 0x00000000eab00000)
  object space 100352K, 86% used [0x00000000c0000000,0x00000000c54f6680,0x00000000c6200000)
 Metaspace       used 60429K, committed 61824K, reserved 1114112K
  class space    used 6221K, committed 6784K, reserved 1048576K

Card table byte_map: [0x00007ff25201e000,0x00007ff25221f000] _byte_map_base: 0x00007ff251a1e000

Marking Bits: (ParMarkBitMap*) 0x00007ff253c0ff20
 Begin Bits: [0x00007ff232000000, 0x00007ff233000000)
 End Bits:   [0x00007ff233000000, 0x00007ff234000000)

Polling page: 0x00007ff253e6c000

Metaspace:

Usage:
  Non-class:     52,94 MB used.
      Class:      6,08 MB used.
       Both:     59,01 MB used.

Virtual space:
  Non-class space:       64,00 MB reserved,      53,75 MB ( 84%) committed,  1 nodes.
      Class space:        1,00 GB reserved,       6,62 MB ( <1%) committed,  1 nodes.
             Both:        1,06 GB reserved,      60,38 MB (  6%) committed. 

Chunk freelists:
   Non-Class:  10,30 MB
       Class:  9,30 MB
        Both:  19,59 MB

MaxMetaspaceSize: unlimited
CompressedClassSpaceSize: 1,00 GB
Initial GC threshold: 21,00 MB
Current GC threshold: 97,31 MB
CDS: on
 - commit_granule_bytes: 65536.
 - commit_granule_words: 8192.
 - virtual_space_node_default_size: 8388608.
 - enlarge_chunks_in_place: 1.
 - use_allocation_guard: 0.


Internal statistics:

num_allocs_failed_limit: 11.
num_arena_births: 1160.
num_arena_deaths: 14.
num_vsnodes_births: 2.
num_vsnodes_deaths: 0.
num_space_committed: 966.
num_space_uncommitted: 0.
num_chunks_returned_to_freelist: 25.
num_chunks_taken_from_freelist: 3965.
num_chunk_merges: 17.
num_chunk_splits: 2472.
num_chunks_enlarged: 1419.
num_inconsistent_stats: 0.

CodeHeap 'non-profiled nmethods': size=120032Kb used=5952Kb max_used=5952Kb free=114079Kb
 bounds [0x00007ff241901000, 0x00007ff241ee1000, 0x00007ff248e39000]
CodeHeap 'profiled nmethods': size=120028Kb used=20190Kb max_used=20190Kb free=99837Kb
 bounds [0x00007ff239e39000, 0x00007ff23b239000, 0x00007ff241370000]
CodeHeap 'non-nmethods': size=5700Kb used=1391Kb max_used=1543Kb free=4308Kb
 bounds [0x00007ff241370000, 0x00007ff2415e0000, 0x00007ff241901000]
 total_blobs=10422 nmethods=9710 adapters=620
 compilation: enabled
              stopped_count=0, restarted_count=0
 full_count=0

Compilation events (20 events):
Event: 42,325 Thread 0x00007ff24c0f7dc0 nmethod 10558 0x00007ff241ec5710 code [0x00007ff241ec5aa0, 0x00007ff241ec7d38]
Event: 42,326 Thread 0x00007ff24c0f7dc0 10580       4       org.eclipse.jdt.internal.core.search.matching.MethodDeclarationPattern::createDeclarationIndexKey (387 bytes)
Event: 42,328 Thread 0x00007ff1cc884610 nmethod 10578 0x00007ff241ec9610 code [0x00007ff241ec9800, 0x00007ff241eca280]
Event: 42,328 Thread 0x00007ff1cc884610 10581       4       org.eclipse.jdt.core.compiler.CharOperation::concatWith (127 bytes)
Event: 42,359 Thread 0x00007ff1cc884610 nmethod 10581 0x00007ff241eca790 code [0x00007ff241eca940, 0x00007ff241ecad60]
Event: 42,359 Thread 0x00007ff1cc884610 10588       4       sun.nio.fs.UnixPath::compareTo (92 bytes)
Event: 42,370 Thread 0x00007ff24c0f7dc0 nmethod 10580 0x00007ff241ecb010 code [0x00007ff241ecb2a0, 0x00007ff241eccc10]
Event: 42,371 Thread 0x00007ff24c0f7dc0 10587       4       java.util.Arrays::fill (21 bytes)
Event: 42,374 Thread 0x00007ff1cc884610 nmethod 10588 0x00007ff241ecdb10 code [0x00007ff241ecdca0, 0x00007ff241ecdee8]
Event: 42,374 Thread 0x00007ff1cc884610 10568       4       org.eclipse.jdt.internal.core.search.matching.MethodDeclarationPattern::getTypeErasure (122 bytes)
Event: 42,375 Thread 0x00007ff24c0f7dc0 nmethod 10587 0x00007ff241ece090 code [0x00007ff241ece200, 0x00007ff241ece378]
Event: 42,375 Thread 0x00007ff24c0f7dc0 10569       4       org.eclipse.jdt.internal.core.search.matching.MethodDeclarationPattern::encodeExtraFlags (49 bytes)
Event: 42,377 Thread 0x00007ff24c0f7dc0 nmethod 10569 0x00007ff241ac1d10 code [0x00007ff241ac1e80, 0x00007ff241ac1f28]
Event: 42,377 Thread 0x00007ff24c0f7dc0 10582       4       java.util.Arrays::asList (9 bytes)
Event: 42,379 Thread 0x00007ff24c0f7dc0 nmethod 10582 0x00007ff241ece490 code [0x00007ff241ece620, 0x00007ff241ece730]
Event: 42,380 Thread 0x00007ff24c0f7dc0 10066       4       org.eclipse.jdt.internal.compiler.parser.Scanner::internalScanIdentifierOrKeyword (5081 bytes)
Event: 42,390 Thread 0x00007ff1cc884610 nmethod 10568 0x00007ff241ece810 code [0x00007ff241ece9a0, 0x00007ff241eceb30]
Event: 42,390 Thread 0x00007ff1cc884610 10171       4       org.eclipse.core.internal.resources.MarkerManager$$Lambda/0x00007ff1f25704d8::visitElement (19 bytes)
Event: 42,418 Thread 0x00007ff1cc884610 nmethod 10171 0x00007ff241ecec90 code [0x00007ff241ecef00, 0x00007ff241ecf710]
Event: 42,420 Thread 0x00007ff1cc884610 10172       4       org.eclipse.core.internal.resources.MarkerManager::lambda$2 (26 bytes)

GC Heap History (20 events):
Event: 40,657 GC heap before
{Heap before GC invocations=57 (full 2):
 PSYoungGen      total 14336K, used 14080K [0x00000000eab00000, 0x00000000ebc00000, 0x0000000100000000)
  eden space 12288K, 99% used [0x00000000eab00000,0x00000000eb6ffff0,0x00000000eb700000)
  from space 2048K, 87% used [0x00000000eba00000,0x00000000ebbc0010,0x00000000ebc00000)
  to   space 2048K, 0% used [0x00000000eb800000,0x00000000eb800000,0x00000000eba00000)
 ParOldGen       total 94208K, used 94156K [0x00000000c0000000, 0x00000000c5c00000, 0x00000000eab00000)
  object space 94208K, 99% used [0x00000000c0000000,0x00000000c5bf3310,0x00000000c5c00000)
 Metaspace       used 57730K, committed 59008K, reserved 1114112K
  class space    used 6007K, committed 6528K, reserved 1048576K
}
Event: 40,667 GC heap after
{Heap after GC invocations=57 (full 2):
 PSYoungGen      total 14336K, used 2044K [0x00000000eab00000, 0x00000000ec000000, 0x0000000100000000)
  eden space 12288K, 0% used [0x00000000eab00000,0x00000000eab00000,0x00000000eb700000)
  from space 2048K, 99% used [0x00000000eb800000,0x00000000eb9ff278,0x00000000eba00000)
  to   space 4608K, 0% used [0x00000000ebb80000,0x00000000ebb80000,0x00000000ec000000)
 ParOldGen       total 96256K, used 96114K [0x00000000c0000000, 0x00000000c5e00000, 0x00000000eab00000)
  object space 96256K, 99% used [0x00000000c0000000,0x00000000c5ddc918,0x00000000c5e00000)
 Metaspace       used 57730K, committed 59008K, reserved 1114112K
  class space    used 6007K, committed 6528K, reserved 1048576K
}
Event: 40,768 GC heap before
{Heap before GC invocations=58 (full 2):
 PSYoungGen      total 14336K, used 14332K [0x00000000eab00000, 0x00000000ec000000, 0x0000000100000000)
  eden space 12288K, 100% used [0x00000000eab00000,0x00000000eb700000,0x00000000eb700000)
  from space 2048K, 99% used [0x00000000eb800000,0x00000000eb9ff278,0x00000000eba00000)
  to   space 4608K, 0% used [0x00000000ebb80000,0x00000000ebb80000,0x00000000ec000000)
 ParOldGen       total 96256K, used 96114K [0x00000000c0000000, 0x00000000c5e00000, 0x00000000eab00000)
  object space 96256K, 99% used [0x00000000c0000000,0x00000000c5ddc918,0x00000000c5e00000)
 Metaspace       used 58317K, committed 59648K, reserved 1114112K
  class space    used 6057K, committed 6592K, reserved 1048576K
}
Event: 40,783 GC heap after
{Heap after GC invocations=58 (full 2):
 PSYoungGen      total 14848K, used 2302K [0x00000000eab00000, 0x00000000ebe00000, 0x0000000100000000)
  eden space 12288K, 0% used [0x00000000eab00000,0x00000000eab00000,0x00000000eb700000)
  from space 2560K, 89% used [0x00000000ebb80000,0x00000000ebdbf820,0x00000000ebe00000)
  to   space 3072K, 0% used [0x00000000eb800000,0x00000000eb800000,0x00000000ebb00000)
 ParOldGen       total 98304K, used 98118K [0x00000000c0000000, 0x00000000c6000000, 0x00000000eab00000)
  object space 98304K, 99% used [0x00000000c0000000,0x00000000c5fd1ae0,0x00000000c6000000)
 Metaspace       used 58317K, committed 59648K, reserved 1114112K
  class space    used 6057K, committed 6592K, reserved 1048576K
}
Event: 40,822 GC heap before
{Heap before GC invocations=59 (full 2):
 PSYoungGen      total 14848K, used 8875K [0x00000000eab00000, 0x00000000ebe00000, 0x0000000100000000)
  eden space 12288K, 53% used [0x00000000eab00000,0x00000000eb16b498,0x00000000eb700000)
  from space 2560K, 89% used [0x00000000ebb80000,0x00000000ebdbf820,0x00000000ebe00000)
  to   space 3072K, 0% used [0x00000000eb800000,0x00000000eb800000,0x00000000ebb00000)
 ParOldGen       total 98304K, used 98118K [0x00000000c0000000, 0x00000000c6000000, 0x00000000eab00000)
  object space 98304K, 99% used [0x00000000c0000000,0x00000000c5fd1ae0,0x00000000c6000000)
 Metaspace       used 58516K, committed 59776K, reserved 1114112K
  class space    used 6080K, committed 6592K, reserved 1048576K
}
Event: 40,832 GC heap after
{Heap after GC invocations=59 (full 2):
 PSYoungGen      total 14336K, used 1806K [0x00000000eab00000, 0x00000000ebc00000, 0x0000000100000000)
  eden space 12288K, 0% used [0x00000000eab00000,0x00000000eab00000,0x00000000eb700000)
  from space 2048K, 88% used [0x00000000eb800000,0x00000000eb9c39d8,0x00000000eba00000)
  to   space 2048K, 0% used [0x00000000eba00000,0x00000000eba00000,0x00000000ebc00000)
 ParOldGen       total 100352K, used 100326K [0x00000000c0000000, 0x00000000c6200000, 0x00000000eab00000)
  object space 100352K, 99% used [0x00000000c0000000,0x00000000c61f9b18,0x00000000c6200000)
 Metaspace       used 58516K, committed 59776K, reserved 1114112K
  class space    used 6080K, committed 6592K, reserved 1048576K
}
Event: 40,832 GC heap before
{Heap before GC invocations=60 (full 3):
 PSYoungGen      total 14336K, used 1806K [0x00000000eab00000, 0x00000000ebc00000, 0x0000000100000000)
  eden space 12288K, 0% used [0x00000000eab00000,0x00000000eab00000,0x00000000eb700000)
  from space 2048K, 88% used [0x00000000eb800000,0x00000000eb9c39d8,0x00000000eba00000)
  to   space 2048K, 0% used [0x00000000eba00000,0x00000000eba00000,0x00000000ebc00000)
 ParOldGen       total 100352K, used 100326K [0x00000000c0000000, 0x00000000c6200000, 0x00000000eab00000)
  object space 100352K, 99% used [0x00000000c0000000,0x00000000c61f9b18,0x00000000c6200000)
 Metaspace       used 58516K, committed 59776K, reserved 1114112K
  class space    used 6080K, committed 6592K, reserved 1048576K
}
Event: 41,358 GC heap after
{Heap after GC invocations=60 (full 3):
 PSYoungGen      total 14336K, used 0K [0x00000000eab00000, 0x00000000ebc00000, 0x0000000100000000)
  eden space 12288K, 0% used [0x00000000eab00000,0x00000000eab00000,0x00000000eb700000)
  from space 2048K, 0% used [0x00000000eb800000,0x00000000eb800000,0x00000000eba00000)
  to   space 2048K, 0% used [0x00000000eba00000,0x00000000eba00000,0x00000000ebc00000)
 ParOldGen       total 100352K, used 79789K [0x00000000c0000000, 0x00000000c6200000, 0x00000000eab00000)
  object space 100352K, 79% used [0x00000000c0000000,0x00000000c4deb7f8,0x00000000c6200000)
 Metaspace       used 58516K, committed 59776K, reserved 1114112K
  class space    used 6080K, committed 6592K, reserved 1048576K
}
Event: 41,739 GC heap before
{Heap before GC invocations=61 (full 3):
 PSYoungGen      total 14336K, used 12288K [0x00000000eab00000, 0x00000000ebc00000, 0x0000000100000000)
  eden space 12288K, 100% used [0x00000000eab00000,0x00000000eb700000,0x00000000eb700000)
  from space 2048K, 0% used [0x00000000eb800000,0x00000000eb800000,0x00000000eba00000)
  to   space 2048K, 0% used [0x00000000eba00000,0x00000000eba00000,0x00000000ebc00000)
 ParOldGen       total 100352K, used 79789K [0x00000000c0000000, 0x00000000c6200000, 0x00000000eab00000)
  object space 100352K, 79% used [0x00000000c0000000,0x00000000c4deb7f8,0x00000000c6200000)
 Metaspace       used 59306K, committed 60608K, reserved 1114112K
  class space    used 6125K, committed 6656K, reserved 1048576K
}
Event: 41,748 GC heap after
{Heap after GC invocations=61 (full 3):
 PSYoungGen      total 14336K, used 2031K [0x00000000eab00000, 0x00000000ebd00000, 0x0000000100000000)
  eden space 12288K, 0% used [0x00000000eab00000,0x00000000eab00000,0x00000000eb700000)
  from space 2048K, 99% used [0x00000000eba00000,0x00000000ebbfbe98,0x00000000ebc00000)
  to   space 3072K, 0% used [0x00000000eb700000,0x00000000eb700000,0x00000000eba00000)
 ParOldGen       total 100352K, used 80404K [0x00000000c0000000, 0x00000000c6200000, 0x00000000eab00000)
  object space 100352K, 80% used [0x00000000c0000000,0x00000000c4e85298,0x00000000c6200000)
 Metaspace       used 59306K, committed 60608K, reserved 1114112K
  class space    used 6125K, committed 6656K, reserved 1048576K
}
Event: 41,911 GC heap before
{Heap before GC invocations=62 (full 3):
 PSYoungGen      total 14336K, used 14319K [0x00000000eab00000, 0x00000000ebd00000, 0x0000000100000000)
  eden space 12288K, 100% used [0x00000000eab00000,0x00000000eb700000,0x00000000eb700000)
  from space 2048K, 99% used [0x00000000eba00000,0x00000000ebbfbe98,0x00000000ebc00000)
  to   space 3072K, 0% used [0x00000000eb700000,0x00000000eb700000,0x00000000eba00000)
 ParOldGen       total 100352K, used 80404K [0x00000000c0000000, 0x00000000c6200000, 0x00000000eab00000)
  object space 100352K, 80% used [0x00000000c0000000,0x00000000c4e85298,0x00000000c6200000)
 Metaspace       used 59670K, committed 61056K, reserved 1114112K
  class space    used 6164K, committed 6720K, reserved 1048576K
}
Event: 41,920 GC heap after
{Heap after GC invocations=62 (full 3):
 PSYoungGen      total 14848K, used 2385K [0x00000000eab00000, 0x00000000ebc00000, 0x0000000100000000)
  eden space 12288K, 0% used [0x00000000eab00000,0x00000000eab00000,0x00000000eb700000)
  from space 2560K, 93% used [0x00000000eb700000,0x00000000eb9546d8,0x00000000eb980000)
  to   space 2560K, 0% used [0x00000000eb980000,0x00000000eb980000,0x00000000ebc00000)
 ParOldGen       total 100352K, used 82405K [0x00000000c0000000, 0x00000000c6200000, 0x00000000eab00000)
  object space 100352K, 82% used [0x00000000c0000000,0x00000000c5079440,0x00000000c6200000)
 Metaspace       used 59670K, committed 61056K, reserved 1114112K
  class space    used 6164K, committed 6720K, reserved 1048576K
}
Event: 42,052 GC heap before
{Heap before GC invocations=63 (full 3):
 PSYoungGen      total 14848K, used 14673K [0x00000000eab00000, 0x00000000ebc00000, 0x0000000100000000)
  eden space 12288K, 100% used [0x00000000eab00000,0x00000000eb700000,0x00000000eb700000)
  from space 2560K, 93% used [0x00000000eb700000,0x00000000eb9546d8,0x00000000eb980000)
  to   space 2560K, 0% used [0x00000000eb980000,0x00000000eb980000,0x00000000ebc00000)
 ParOldGen       total 100352K, used 82405K [0x00000000c0000000, 0x00000000c6200000, 0x00000000eab00000)
  object space 100352K, 82% used [0x00000000c0000000,0x00000000c5079440,0x00000000c6200000)
 Metaspace       used 59696K, committed 61056K, reserved 1114112K
  class space    used 6167K, committed 6720K, reserved 1048576K
}
Event: 42,060 GC heap after
{Heap after GC invocations=63 (full 3):
 PSYoungGen      total 14336K, used 1696K [0x00000000eab00000, 0x00000000ebb80000, 0x0000000100000000)
  eden space 12288K, 0% used [0x00000000eab00000,0x00000000eab00000,0x00000000eb700000)
  from space 2048K, 82% used [0x00000000eb980000,0x00000000ebb28010,0x00000000ebb80000)
  to   space 2048K, 0% used [0x00000000eb780000,0x00000000eb780000,0x00000000eb980000)
 ParOldGen       total 100352K, used 84426K [0x00000000c0000000, 0x00000000c6200000, 0x00000000eab00000)
  object space 100352K, 84% used [0x00000000c0000000,0x00000000c5272ba0,0x00000000c6200000)
 Metaspace       used 59696K, committed 61056K, reserved 1114112K
  class space    used 6167K, committed 6720K, reserved 1048576K
}
Event: 42,194 GC heap before
{Heap before GC invocations=64 (full 3):
 PSYoungGen      total 14336K, used 13984K [0x00000000eab00000, 0x00000000ebb80000, 0x0000000100000000)
  eden space 12288K, 100% used [0x00000000eab00000,0x00000000eb700000,0x00000000eb700000)
  from space 2048K, 82% used [0x00000000eb980000,0x00000000ebb28010,0x00000000ebb80000)
  to   space 2048K, 0% used [0x00000000eb780000,0x00000000eb780000,0x00000000eb980000)
 ParOldGen       total 100352K, used 84426K [0x00000000c0000000, 0x00000000c6200000, 0x00000000eab00000)
  object space 100352K, 84% used [0x00000000c0000000,0x00000000c5272ba0,0x00000000c6200000)
 Metaspace       used 59718K, committed 61056K, reserved 1114112K
  class space    used 6167K, committed 6720K, reserved 1048576K
}
Event: 42,203 GC heap after
{Heap after GC invocations=64 (full 3):
 PSYoungGen      total 14336K, used 1759K [0x00000000eab00000, 0x00000000ebb00000, 0x0000000100000000)
  eden space 12288K, 0% used [0x00000000eab00000,0x00000000eab00000,0x00000000eb700000)
  from space 2048K, 85% used [0x00000000eb780000,0x00000000eb937e30,0x00000000eb980000)
  to   space 1536K, 0% used [0x00000000eb980000,0x00000000eb980000,0x00000000ebb00000)
 ParOldGen       total 100352K, used 85172K [0x00000000c0000000, 0x00000000c6200000, 0x00000000eab00000)
  object space 100352K, 84% used [0x00000000c0000000,0x00000000c532d228,0x00000000c6200000)
 Metaspace       used 59718K, committed 61056K, reserved 1114112K
  class space    used 6167K, committed 6720K, reserved 1048576K
}
Event: 42,288 GC heap before
{Heap before GC invocations=65 (full 3):
 PSYoungGen      total 14336K, used 14047K [0x00000000eab00000, 0x00000000ebb00000, 0x0000000100000000)
  eden space 12288K, 100% used [0x00000000eab00000,0x00000000eb700000,0x00000000eb700000)
  from space 2048K, 85% used [0x00000000eb780000,0x00000000eb937e30,0x00000000eb980000)
  to   space 1536K, 0% used [0x00000000eb980000,0x00000000eb980000,0x00000000ebb00000)
 ParOldGen       total 100352K, used 85172K [0x00000000c0000000, 0x00000000c6200000, 0x00000000eab00000)
  object space 100352K, 84% used [0x00000000c0000000,0x00000000c532d228,0x00000000c6200000)
 Metaspace       used 59737K, committed 61120K, reserved 1114112K
  class space    used 6167K, committed 6720K, reserved 1048576K
}
Event: 42,303 GC heap after
{Heap after GC invocations=65 (full 3):
 PSYoungGen      total 13312K, used 1532K [0x00000000eab00000, 0x00000000ebd00000, 0x0000000100000000)
  eden space 11776K, 0% used [0x00000000eab00000,0x00000000eab00000,0x00000000eb680000)
  from space 1536K, 99% used [0x00000000eb980000,0x00000000ebaff390,0x00000000ebb00000)
  to   space 3072K, 0% used [0x00000000eb680000,0x00000000eb680000,0x00000000eb980000)
 ParOldGen       total 100352K, used 86406K [0x00000000c0000000, 0x00000000c6200000, 0x00000000eab00000)
  object space 100352K, 86% used [0x00000000c0000000,0x00000000c5461b90,0x00000000c6200000)
 Metaspace       used 59737K, committed 61120K, reserved 1114112K
  class space    used 6167K, committed 6720K, reserved 1048576K
}
Event: 42,362 GC heap before
{Heap before GC invocations=66 (full 3):
 PSYoungGen      total 13312K, used 13308K [0x00000000eab00000, 0x00000000ebd00000, 0x0000000100000000)
  eden space 11776K, 100% used [0x00000000eab00000,0x00000000eb680000,0x00000000eb680000)
  from space 1536K, 99% used [0x00000000eb980000,0x00000000ebaff390,0x00000000ebb00000)
  to   space 3072K, 0% used [0x00000000eb680000,0x00000000eb680000,0x00000000eb980000)
 ParOldGen       total 100352K, used 86406K [0x00000000c0000000, 0x00000000c6200000, 0x00000000eab00000)
  object space 100352K, 86% used [0x00000000c0000000,0x00000000c5461b90,0x00000000c6200000)
 Metaspace       used 59738K, committed 61120K, reserved 1114112K
  class space    used 6167K, committed 6720K, reserved 1048576K
}
Event: 42,368 GC heap after
{Heap after GC invocations=66 (full 3):
 PSYoungGen      total 13312K, used 1241K [0x00000000eab00000, 0x00000000eba80000, 0x0000000100000000)
  eden space 11776K, 0% used [0x00000000eab00000,0x00000000eab00000,0x00000000eb680000)
  from space 1536K, 80% used [0x00000000eb680000,0x00000000eb7b6560,0x00000000eb800000)
  to   space 2048K, 0% used [0x00000000eb880000,0x00000000eb880000,0x00000000eba80000)
 ParOldGen       total 100352K, used 87001K [0x00000000c0000000, 0x00000000c6200000, 0x00000000eab00000)
  object space 100352K, 86% used [0x00000000c0000000,0x00000000c54f6680,0x00000000c6200000)
 Metaspace       used 59738K, committed 61120K, reserved 1114112K
  class space    used 6167K, committed 6720K, reserved 1048576K
}

Dll operation events (9 events):
Event: 0,030 Loaded shared library /home/upm/.vscode/extensions/redhat.java-1.41.1-linux-x64/jre/21.0.6-linux-x86_64/lib/libjava.so
Event: 0,460 Loaded shared library /home/upm/.vscode/extensions/redhat.java-1.41.1-linux-x64/jre/21.0.6-linux-x86_64/lib/libzip.so
Event: 0,575 Loaded shared library /home/upm/.vscode/extensions/redhat.java-1.41.1-linux-x64/jre/21.0.6-linux-x86_64/lib/libinstrument.so
Event: 0,583 Loaded shared library /home/upm/.vscode/extensions/redhat.java-1.41.1-linux-x64/jre/21.0.6-linux-x86_64/lib/libnio.so
Event: 0,587 Loaded shared library /home/upm/.vscode/extensions/redhat.java-1.41.1-linux-x64/jre/21.0.6-linux-x86_64/lib/libzip.so
Event: 0,661 Loaded shared library /home/upm/.vscode/extensions/redhat.java-1.41.1-linux-x64/jre/21.0.6-linux-x86_64/lib/libjimage.so
Event: 0,884 Loaded shared library /home/upm/.vscode/extensions/redhat.java-1.41.1-linux-x64/jre/21.0.6-linux-x86_64/lib/libverify.so
Event: 2,845 Loaded shared library /home/upm/.vscode/extensions/redhat.java-1.41.1-linux-x64/jre/21.0.6-linux-x86_64/lib/libnet.so
Event: 4,740 Loaded shared library /home/upm/.config/Code/User/globalStorage/redhat.java/1.41.1/config_linux/org.eclipse.equinox.launcher/org.eclipse.equinox.launcher.gtk.linux.x86_64_1.2.1400.v20250331-1702/eclipse_11911.so

Deoptimization events (20 events):
Event: 41,759 Thread 0x00007ff1a43e8160 DEOPT PACKING pc=0x00007ff23a06ec5b sp=0x00007ff238fc1800
Event: 41,759 Thread 0x00007ff1a43e8160 DEOPT UNPACKING pc=0x00007ff2413c3b10 sp=0x00007ff238fc0d58 mode 0
Event: 41,837 Thread 0x00007ff180000e70 Uncommon trap: trap_request=0xffffffc6 fr.pc=0x00007ff241a75790 relative=0x00000000000001f0
Event: 41,837 Thread 0x00007ff180000e70 Uncommon trap: reason=bimorphic_or_optimized_type_check action=maybe_recompile pc=0x00007ff241a75790 method=java.util.Collections.eq(Ljava/lang/Object;Ljava/lang/Object;)Z @ 18 c2
Event: 41,837 Thread 0x00007ff180000e70 DEOPT PACKING pc=0x00007ff241a75790 sp=0x00007ff238ec2b70
Event: 41,837 Thread 0x00007ff180000e70 DEOPT UNPACKING pc=0x00007ff2413c3393 sp=0x00007ff238ec2ad0 mode 2
Event: 41,837 Thread 0x00007ff180000e70 Uncommon trap: trap_request=0xffffffc6 fr.pc=0x00007ff241a75790 relative=0x00000000000001f0
Event: 41,837 Thread 0x00007ff180000e70 Uncommon trap: reason=bimorphic_or_optimized_type_check action=maybe_recompile pc=0x00007ff241a75790 method=java.util.Collections.eq(Ljava/lang/Object;Ljava/lang/Object;)Z @ 18 c2
Event: 41,837 Thread 0x00007ff180000e70 DEOPT PACKING pc=0x00007ff241a75790 sp=0x00007ff238ec2cd0
Event: 41,837 Thread 0x00007ff180000e70 DEOPT UNPACKING pc=0x00007ff2413c3393 sp=0x00007ff238ec2c30 mode 2
Event: 41,947 Thread 0x00007ff1a499aa40 DEOPT PACKING pc=0x00007ff23b05675a sp=0x00007ff238cc0bf0
Event: 41,947 Thread 0x00007ff1a499aa40 DEOPT UNPACKING pc=0x00007ff2413c3b10 sp=0x00007ff238cc0198 mode 0
Event: 41,955 Thread 0x00007ff1a43e8160 DEOPT PACKING pc=0x00007ff23ac3bb99 sp=0x00007ff238fbfcf0
Event: 41,955 Thread 0x00007ff1a43e8160 DEOPT UNPACKING pc=0x00007ff2413c3b10 sp=0x00007ff238fbf1d0 mode 0
Event: 42,272 Thread 0x00007ff1a43e8160 DEOPT PACKING pc=0x00007ff23a43d9e2 sp=0x00007ff238fc0100
Event: 42,272 Thread 0x00007ff1a43e8160 DEOPT UNPACKING pc=0x00007ff2413c3b10 sp=0x00007ff238fbf5e8 mode 0
Event: 42,318 Thread 0x00007ff1a499aa40 Uncommon trap: trap_request=0xffffff6e fr.pc=0x00007ff241ec443c relative=0x000000000000159c
Event: 42,318 Thread 0x00007ff1a499aa40 Uncommon trap: reason=loop_limit_check action=maybe_recompile pc=0x00007ff241ec443c method=org.eclipse.jdt.core.compiler.CharOperation.concatWith([[CC)[C @ 121 c2
Event: 42,318 Thread 0x00007ff1a499aa40 DEOPT PACKING pc=0x00007ff241ec443c sp=0x00007ff238cc0ce0
Event: 42,318 Thread 0x00007ff1a499aa40 DEOPT UNPACKING pc=0x00007ff2413c3393 sp=0x00007ff238cc0bc8 mode 2

Classes loaded (20 events):
Event: 40,033 Loading class java/util/Vector$1
Event: 40,033 Loading class java/util/Vector$1 done
Event: 40,611 Loading class java/util/regex/Pattern$Caret
Event: 40,611 Loading class java/util/regex/Pattern$Caret done
Event: 40,701 Loading class java/util/regex/Pattern$LazyLoop
Event: 40,701 Loading class java/util/regex/Pattern$LazyLoop done
Event: 40,791 Loading class java/nio/charset/IllegalCharsetNameException
Event: 40,791 Loading class java/nio/charset/IllegalCharsetNameException done
Event: 40,791 Loading class java/io/SequenceInputStream
Event: 40,791 Loading class java/io/SequenceInputStream done
Event: 41,579 Loading class org/xml/sax/SAXNotRecognizedException
Event: 41,579 Loading class org/xml/sax/SAXNotRecognizedException done
Event: 41,579 Loading class org/xml/sax/SAXNotSupportedException
Event: 41,579 Loading class org/xml/sax/SAXNotSupportedException done
Event: 41,607 Loading class com/sun/org/apache/xerces/internal/util/URI
Event: 41,607 Loading class com/sun/org/apache/xerces/internal/util/URI done
Event: 41,619 Loading class com/sun/org/apache/xerces/internal/xni/XNIException
Event: 41,619 Loading class com/sun/org/apache/xerces/internal/xni/XNIException done
Event: 41,620 Loading class com/sun/org/apache/xerces/internal/xni/parser/XMLParseException
Event: 41,620 Loading class com/sun/org/apache/xerces/internal/xni/parser/XMLParseException done

Classes unloaded (7 events):
Event: 13,493 Thread 0x00007ff24c0e72e0 Unloading class 0x00007ff1f219ec00 'java/lang/invoke/LambdaForm$MH+0x00007ff1f219ec00'
Event: 13,493 Thread 0x00007ff24c0e72e0 Unloading class 0x00007ff1f219e800 'java/lang/invoke/LambdaForm$MH+0x00007ff1f219e800'
Event: 13,493 Thread 0x00007ff24c0e72e0 Unloading class 0x00007ff1f219e400 'java/lang/invoke/LambdaForm$MH+0x00007ff1f219e400'
Event: 13,493 Thread 0x00007ff24c0e72e0 Unloading class 0x00007ff1f219e000 'java/lang/invoke/LambdaForm$MH+0x00007ff1f219e000'
Event: 13,493 Thread 0x00007ff24c0e72e0 Unloading class 0x00007ff1f219dc00 'java/lang/invoke/LambdaForm$BMH+0x00007ff1f219dc00'
Event: 13,493 Thread 0x00007ff24c0e72e0 Unloading class 0x00007ff1f219d800 'java/lang/invoke/LambdaForm$DMH+0x00007ff1f219d800'
Event: 13,493 Thread 0x00007ff24c0e72e0 Unloading class 0x00007ff1f219c400 'java/lang/invoke/LambdaForm$DMH+0x00007ff1f219c400'

Classes redefined (0 events):
No events

Internal exceptions (20 events):
Event: 36,811 Thread 0x00007ff24c4c30b0 Exception <a 'java/lang/IncompatibleClassChangeError'{0x00000000eb369f28}: Found class java.lang.Object, but interface was expected> (0x00000000eb369f28) 
thrown [src/hotspot/share/interpreter/linkResolver.cpp, line 840]
Event: 36,848 Thread 0x00007ff18c001820 Exception <a 'java/lang/NoSuchMethodError'{0x00000000eb48aca0}: static [J.<clinit>()V> (0x00000000eb48aca0) 
thrown [src/hotspot/share/prims/jni.cpp, line 1111]
Event: 37,422 Thread 0x00007ff1a499aa40 Implicit null exception at 0x00007ff241e1efe0 to 0x00007ff241e1f0f0
Event: 38,303 Thread 0x00007ff1a43e8160 Exception <a 'java/lang/NoSuchMethodError'{0x00000000eb3a6aa8}: 'int java.lang.invoke.DirectMethodHandle$Holder.invokeStatic(java.lang.Object)'> (0x00000000eb3a6aa8) 
thrown [src/hotspot/share/interpreter/linkResolver.cpp, line 772]
Event: 39,131 Thread 0x00007ff1a43e8160 Exception <a 'sun/nio/fs/UnixException'{0x00000000eafcc9e0}> (0x00000000eafcc9e0) 
thrown [src/hotspot/share/prims/jni.cpp, line 520]
Event: 39,185 Thread 0x00007ff1a43e8160 Exception <a 'sun/nio/fs/UnixException'{0x00000000eb3c53f8}> (0x00000000eb3c53f8) 
thrown [src/hotspot/share/prims/jni.cpp, line 520]
Event: 39,185 Thread 0x00007ff17c08af50 Exception <a 'sun/nio/fs/UnixException'{0x00000000eb3d29d0}> (0x00000000eb3d29d0) 
thrown [src/hotspot/share/prims/jni.cpp, line 520]
Event: 39,185 Thread 0x00007ff17c08af50 Exception <a 'sun/nio/fs/UnixException'{0x00000000eb3d3338}> (0x00000000eb3d3338) 
thrown [src/hotspot/share/prims/jni.cpp, line 520]
Event: 39,186 Thread 0x00007ff19c00cc00 Exception <a 'sun/nio/fs/UnixException'{0x00000000eb3d9b28}> (0x00000000eb3d9b28) 
thrown [src/hotspot/share/prims/jni.cpp, line 520]
Event: 39,187 Thread 0x00007ff19c00cc00 Exception <a 'sun/nio/fs/UnixException'{0x00000000eb3df068}> (0x00000000eb3df068) 
thrown [src/hotspot/share/prims/jni.cpp, line 520]
Event: 39,187 Thread 0x00007ff19c002ec0 Exception <a 'sun/nio/fs/UnixException'{0x00000000eb3dd7c0}> (0x00000000eb3dd7c0) 
thrown [src/hotspot/share/prims/jni.cpp, line 520]
Event: 39,329 Thread 0x00007ff1a43e8160 Exception <a 'sun/nio/fs/UnixException'{0x00000000eabb9b98}> (0x00000000eabb9b98) 
thrown [src/hotspot/share/prims/jni.cpp, line 520]
Event: 39,351 Thread 0x00007ff1a43e8160 Exception <a 'sun/nio/fs/UnixException'{0x00000000eabeee78}> (0x00000000eabeee78) 
thrown [src/hotspot/share/prims/jni.cpp, line 520]
Event: 39,351 Thread 0x00007ff1a43e8160 Exception <a 'sun/nio/fs/UnixException'{0x00000000eabf2128}> (0x00000000eabf2128) 
thrown [src/hotspot/share/prims/jni.cpp, line 520]
Event: 39,352 Thread 0x00007ff1a43e8160 Exception <a 'sun/nio/fs/UnixException'{0x00000000eac1d040}> (0x00000000eac1d040) 
thrown [src/hotspot/share/prims/jni.cpp, line 520]
Event: 39,367 Thread 0x00007ff1a43e8160 Exception <a 'sun/nio/fs/UnixException'{0x00000000eac238b0}> (0x00000000eac238b0) 
thrown [src/hotspot/share/prims/jni.cpp, line 520]
Event: 39,368 Thread 0x00007ff1a43e8160 Exception <a 'sun/nio/fs/UnixException'{0x00000000eac29858}> (0x00000000eac29858) 
thrown [src/hotspot/share/prims/jni.cpp, line 520]
Event: 39,368 Thread 0x00007ff1a43e8160 Exception <a 'sun/nio/fs/UnixException'{0x00000000eac7d340}> (0x00000000eac7d340) 
thrown [src/hotspot/share/prims/jni.cpp, line 520]
Event: 39,482 Thread 0x00007ff188176390 Implicit null exception at 0x00007ff241d188a0 to 0x00007ff241d18e64
Event: 40,689 Thread 0x00007ff180000e70 Exception <a 'java/lang/NoSuchMethodError'{0x00000000ead26f78}: 'java.lang.Object java.lang.invoke.DirectMethodHandle$Holder.invokeStatic(java.lang.Object, java.lang.Object, int, java.lang.Object)'> (0x00000000ead26f78) 
thrown [src/hotspot/share/interpreter/linkResolver.cpp, line 772]

ZGC Phase Switch (0 events):
No events

VM Operations (20 events):
Event: 40,654 Executing VM operation: ParallelGCFailedAllocation (Allocation Failure)
Event: 40,667 Executing VM operation: ParallelGCFailedAllocation (Allocation Failure) done
Event: 40,709 Executing VM operation: HandshakeAllThreads (Deoptimize)
Event: 40,710 Executing VM operation: HandshakeAllThreads (Deoptimize) done
Event: 40,759 Executing VM operation: ParallelGCFailedAllocation (Allocation Failure)
Event: 40,783 Executing VM operation: ParallelGCFailedAllocation (Allocation Failure) done
Event: 40,822 Executing VM operation: CollectForMetadataAllocation (Metadata GC Threshold)
Event: 41,358 Executing VM operation: CollectForMetadataAllocation (Metadata GC Threshold) done
Event: 41,734 Executing VM operation: ParallelGCFailedAllocation (Allocation Failure)
Event: 41,748 Executing VM operation: ParallelGCFailedAllocation (Allocation Failure) done
Event: 41,911 Executing VM operation: ParallelGCFailedAllocation (Allocation Failure)
Event: 41,920 Executing VM operation: ParallelGCFailedAllocation (Allocation Failure) done
Event: 41,972 Executing VM operation: ParallelGCFailedAllocation (Allocation Failure)
Event: 42,061 Executing VM operation: ParallelGCFailedAllocation (Allocation Failure) done
Event: 42,192 Executing VM operation: ParallelGCFailedAllocation (Allocation Failure)
Event: 42,204 Executing VM operation: ParallelGCFailedAllocation (Allocation Failure) done
Event: 42,284 Executing VM operation: ParallelGCFailedAllocation (Allocation Failure)
Event: 42,304 Executing VM operation: ParallelGCFailedAllocation (Allocation Failure) done
Event: 42,359 Executing VM operation: ParallelGCFailedAllocation (Allocation Failure)
Event: 42,368 Executing VM operation: ParallelGCFailedAllocation (Allocation Failure) done

Memory protections (20 events):
Event: 30,001 Protecting memory [0x00007ff1f08f9000,0x00007ff1f08fd000] with protection modes 0
Event: 30,011 Protecting memory [0x00007ff1f0afb000,0x00007ff1f0aff000] with protection modes 0
Event: 30,039 Protecting memory [0x00007ff1f0cfd000,0x00007ff1f0d01000] with protection modes 0
Event: 30,055 Protecting memory [0x00007ff1f0bfc000,0x00007ff1f0c00000] with protection modes 0
Event: 31,083 Protecting memory [0x00007ff1f09fa000,0x00007ff1f09fe000] with protection modes 0
Event: 31,135 Protecting memory [0x00007ff1f08f9000,0x00007ff1f08fd000] with protection modes 0
Event: 31,141 Protecting memory [0x00007ff1f0bfc000,0x00007ff1f0c00000] with protection modes 0
Event: 31,144 Protecting memory [0x00007ff1f0cfd000,0x00007ff1f0d01000] with protection modes 0
Event: 31,197 Protecting memory [0x00007ff1f0afb000,0x00007ff1f0aff000] with protection modes 0
Event: 31,789 Protecting memory [0x00007ff23888e000,0x00007ff238892000] with protection modes 0
Event: 32,471 Protecting memory [0x00007ff1f0afb000,0x00007ff1f0aff000] with protection modes 0
Event: 32,508 Protecting memory [0x00007ff1f09fa000,0x00007ff1f09fe000] with protection modes 0
Event: 32,511 Protecting memory [0x00007ff1f0bfc000,0x00007ff1f0c00000] with protection modes 0
Event: 32,513 Protecting memory [0x00007ff1f08f9000,0x00007ff1f08fd000] with protection modes 0
Event: 32,513 Protecting memory [0x00007ff1f0cfd000,0x00007ff1f0d01000] with protection modes 0
Event: 33,399 Protecting memory [0x00007ff23888e000,0x00007ff238892000] with protection modes 0
Event: 36,791 Protecting memory [0x00007ff23848a000,0x00007ff23848e000] with protection modes 0
Event: 36,905 Protecting memory [0x00007ff23848a000,0x00007ff23848e000] with protection modes 0
Event: 39,448 Protecting memory [0x00007ff238288000,0x00007ff23828c000] with protection modes 0
Event: 39,481 Protecting memory [0x00007ff238389000,0x00007ff23838d000] with protection modes 0

Nmethod flushes (20 events):
Event: 41,169 Thread 0x00007ff24c0e72e0 flushing  nmethod 0x00007ff23a6f0110
Event: 41,169 Thread 0x00007ff24c0e72e0 flushing  nmethod 0x00007ff23a6fcd90
Event: 41,169 Thread 0x00007ff24c0e72e0 flushing  nmethod 0x00007ff23a6fdc10
Event: 41,169 Thread 0x00007ff24c0e72e0 flushing  nmethod 0x00007ff23a714210
Event: 41,169 Thread 0x00007ff24c0e72e0 flushing  nmethod 0x00007ff23a714c90
Event: 41,169 Thread 0x00007ff24c0e72e0 flushing  nmethod 0x00007ff23a715190
Event: 41,169 Thread 0x00007ff24c0e72e0 flushing  nmethod 0x00007ff23a715590
Event: 41,169 Thread 0x00007ff24c0e72e0 flushing  nmethod 0x00007ff23a717a90
Event: 41,169 Thread 0x00007ff24c0e72e0 flushing  nmethod 0x00007ff23a723890
Event: 41,169 Thread 0x00007ff24c0e72e0 flushing  nmethod 0x00007ff23a741190
Event: 41,169 Thread 0x00007ff24c0e72e0 flushing  nmethod 0x00007ff23a747f90
Event: 41,169 Thread 0x00007ff24c0e72e0 flushing  nmethod 0x00007ff23a749b90
Event: 41,169 Thread 0x00007ff24c0e72e0 flushing  nmethod 0x00007ff23a74a390
Event: 41,169 Thread 0x00007ff24c0e72e0 flushing  nmethod 0x00007ff23a74b990
Event: 41,169 Thread 0x00007ff24c0e72e0 flushing  nmethod 0x00007ff23a74bf90
Event: 41,169 Thread 0x00007ff24c0e72e0 flushing  nmethod 0x00007ff23a755510
Event: 41,169 Thread 0x00007ff24c0e72e0 flushing  nmethod 0x00007ff23a756690
Event: 41,169 Thread 0x00007ff24c0e72e0 flushing  nmethod 0x00007ff23a757610
Event: 41,169 Thread 0x00007ff24c0e72e0 flushing  nmethod 0x00007ff23a75a710
Event: 41,169 Thread 0x00007ff24c0e72e0 flushing  nmethod 0x00007ff23a761110

Events (20 events):
Event: 32,497 Thread 0x00007ff18c001820 Thread added: 0x00007ff17c0ea8d0
Event: 32,510 Thread 0x00007ff18c001820 Thread added: 0x00007ff17c0eca10
Event: 32,512 Thread 0x00007ff18c001820 Thread added: 0x00007ff17c0ed9d0
Event: 32,513 Thread 0x00007ff18c001820 Thread added: 0x00007ff17c15ba10
Event: 32,549 Thread 0x00007ff17c0ea8d0 Thread exited: 0x00007ff17c0ea8d0
Event: 32,550 Thread 0x00007ff17c0e9b80 Thread exited: 0x00007ff17c0e9b80
Event: 32,550 Thread 0x00007ff17c0ed9d0 Thread exited: 0x00007ff17c0ed9d0
Event: 32,574 Thread 0x00007ff17c0eca10 Thread exited: 0x00007ff17c0eca10
Event: 32,576 Thread 0x00007ff17c15ba10 Thread exited: 0x00007ff17c15ba10
Event: 32,956 Thread 0x00007ff1ac01c600 Thread exited: 0x00007ff1ac01c600
Event: 32,956 Thread 0x00007ff1ac020450 Thread exited: 0x00007ff1ac020450
Event: 32,958 Thread 0x00007ff19c0011d0 Thread exited: 0x00007ff19c0011d0
Event: 32,968 Thread 0x00007ff1ac01f300 Thread exited: 0x00007ff1ac01f300
Event: 33,234 Thread 0x00007ff1cc7bbcd0 Thread exited: 0x00007ff1cc7bbcd0
Event: 33,393 Thread 0x00007ff24c0f9440 Thread added: 0x00007ff1cc884610
Event: 36,791 Thread 0x00007ff18c001820 Thread added: 0x00007ff17c37c040
Event: 36,808 Thread 0x00007ff17c37c040 Thread exited: 0x00007ff17c37c040
Event: 36,904 Thread 0x00007ff180000e70 Thread added: 0x00007ff18c004040
Event: 39,447 Thread 0x00007ff1a43e8160 Thread added: 0x00007ff188176390
Event: 39,476 Thread 0x00007ff1a43e8160 Thread added: 0x00007ff188176a90


Dynamic libraries:
c0000000-c6200000 rw-p 00000000 00:00 0 
c6200000-eab00000 ---p 00000000 00:00 0 
eab00000-eba80000 rw-p 00000000 00:00 0 
eba80000-100000000 ---p 00000000 00:00 0 
55a7ccb1f000-55a7ccb20000 r-xp 00000000 fd:00 2234911                    /home/upm/.vscode/extensions/redhat.java-1.41.1-linux-x64/jre/21.0.6-linux-x86_64/bin/java
55a7ccb21000-55a7ccb22000 r--p 00001000 fd:00 2234911                    /home/upm/.vscode/extensions/redhat.java-1.41.1-linux-x64/jre/21.0.6-linux-x86_64/bin/java
55a7ccb22000-55a7ccb23000 rw-p 00002000 fd:00 2234911                    /home/upm/.vscode/extensions/redhat.java-1.41.1-linux-x64/jre/21.0.6-linux-x86_64/bin/java
55a7e8a9b000-55a7e8b03000 rw-p 00000000 00:00 0                          [heap]
7ff17055f000-7ff178000000 r--s 00000000 fd:00 819262                     /usr/lib/jvm/java-17-openjdk-amd64/lib/modules
7ff178000000-7ff17806f000 rw-p 00000000 00:00 0 
7ff17806f000-7ff17c000000 ---p 00000000 00:00 0 
7ff17c000000-7ff17c3c9000 rw-p 00000000 00:00 0 
7ff17c3c9000-7ff180000000 ---p 00000000 00:00 0 
7ff180000000-7ff1819c3000 rw-p 00000000 00:00 0 
7ff1819c3000-7ff184000000 ---p 00000000 00:00 0 
7ff184000000-7ff184f76000 rw-p 00000000 00:00 0 
7ff184f76000-7ff188000000 ---p 00000000 00:00 0 
7ff188000000-7ff18828f000 rw-p 00000000 00:00 0 
7ff18828f000-7ff18c000000 ---p 00000000 00:00 0 
7ff18c000000-7ff18c317000 rw-p 00000000 00:00 0 
7ff18c317000-7ff190000000 ---p 00000000 00:00 0 
7ff190000000-7ff190135000 rw-p 00000000 00:00 0 
7ff190135000-7ff194000000 ---p 00000000 00:00 0 
7ff194000000-7ff194787000 rw-p 00000000 00:00 0 
7ff194787000-7ff198000000 ---p 00000000 00:00 0 
7ff198000000-7ff198021000 rw-p 00000000 00:00 0 
7ff198021000-7ff19c000000 ---p 00000000 00:00 0 
7ff19c000000-7ff19c021000 rw-p 00000000 00:00 0 
7ff19c021000-7ff1a0000000 ---p 00000000 00:00 0 
7ff1a0000000-7ff1a0021000 rw-p 00000000 00:00 0 
7ff1a0021000-7ff1a4000000 ---p 00000000 00:00 0 
7ff1a4000000-7ff1a4b42000 rw-p 00000000 00:00 0 
7ff1a4b42000-7ff1a8000000 ---p 00000000 00:00 0 
7ff1a8000000-7ff1a8ac6000 rw-p 00000000 00:00 0 
7ff1a8ac6000-7ff1ac000000 ---p 00000000 00:00 0 
7ff1ac000000-7ff1ac9a0000 rw-p 00000000 00:00 0 
7ff1ac9a0000-7ff1b0000000 ---p 00000000 00:00 0 
7ff1b0000000-7ff1b0021000 rw-p 00000000 00:00 0 
7ff1b0021000-7ff1b4000000 ---p 00000000 00:00 0 
7ff1b4000000-7ff1b4021000 rw-p 00000000 00:00 0 
7ff1b4021000-7ff1b8000000 ---p 00000000 00:00 0 
7ff1b8000000-7ff1b8021000 rw-p 00000000 00:00 0 
7ff1b8021000-7ff1bc000000 ---p 00000000 00:00 0 
7ff1bc000000-7ff1bc021000 rw-p 00000000 00:00 0 
7ff1bc021000-7ff1c0000000 ---p 00000000 00:00 0 
7ff1c0000000-7ff1c0021000 rw-p 00000000 00:00 0 
7ff1c0021000-7ff1c4000000 ---p 00000000 00:00 0 
7ff1c4000000-7ff1c45fb000 rw-p 00000000 00:00 0 
7ff1c45fb000-7ff1c8000000 ---p 00000000 00:00 0 
7ff1c8000000-7ff1c9fa4000 rw-p 00000000 00:00 0 
7ff1c9fa4000-7ff1cc000000 ---p 00000000 00:00 0 
7ff1cc000000-7ff1cca2f000 rw-p 00000000 00:00 0 
7ff1cca2f000-7ff1d0000000 ---p 00000000 00:00 0 
7ff1d0000000-7ff1d0021000 rw-p 00000000 00:00 0 
7ff1d0021000-7ff1d4000000 ---p 00000000 00:00 0 
7ff1d4000000-7ff1d4021000 rw-p 00000000 00:00 0 
7ff1d4021000-7ff1d8000000 ---p 00000000 00:00 0 
7ff1d8000000-7ff1d8021000 rw-p 00000000 00:00 0 
7ff1d8021000-7ff1dc000000 ---p 00000000 00:00 0 
7ff1dc000000-7ff1dc021000 rw-p 00000000 00:00 0 
7ff1dc021000-7ff1e0000000 ---p 00000000 00:00 0 
7ff1e0000000-7ff1e0021000 rw-p 00000000 00:00 0 
7ff1e0021000-7ff1e4000000 ---p 00000000 00:00 0 
7ff1e4000000-7ff1e4021000 rw-p 00000000 00:00 0 
7ff1e4021000-7ff1e8000000 ---p 00000000 00:00 0 
7ff1e8000000-7ff1e8400000 rw-p 00000000 00:00 0 
7ff1e8400000-7ff1e87e0000 rw-p 00000000 00:00 0 
7ff1e87e0000-7ff1e8900000 rw-p 00000000 00:00 0 
7ff1e8900000-7ff1e8b00000 rw-p 00000000 00:00 0 
7ff1e8b00000-7ff1e8c00000 rw-p 00000000 00:00 0 
7ff1e8c00000-7ff1e9200000 rw-p 00000000 00:00 0 
7ff1e9200000-7ff1e9b00000 rw-p 00000000 00:00 0 
7ff1e9b00000-7ff1e9c00000 rw-p 00000000 00:00 0 
7ff1e9c00000-7ff1e9f00000 rw-p 00000000 00:00 0 
7ff1e9f00000-7ff1ea000000 rw-p 00000000 00:00 0 
7ff1ea000000-7ff1ea7c0000 rw-p 00000000 00:00 0 
7ff1ea7c0000-7ff1ea800000 rw-p 00000000 00:00 0 
7ff1ea800000-7ff1ea900000 rw-p 00000000 00:00 0 
7ff1ea900000-7ff1eaa00000 rw-p 00000000 00:00 0 
7ff1eaa00000-7ff1eb5c0000 rw-p 00000000 00:00 0 
7ff1eb5c0000-7ff1ec000000 ---p 00000000 00:00 0 
7ff1ec000000-7ff1ec021000 rw-p 00000000 00:00 0 
7ff1ec021000-7ff1f0000000 ---p 00000000 00:00 0 
7ff1f0614000-7ff1f08f9000 rw-p 00000000 00:00 0 
7ff1f08f9000-7ff1f08fd000 ---p 00000000 00:00 0 
7ff1f08fd000-7ff1f09fa000 rw-p 00000000 00:00 0 
7ff1f09fa000-7ff1f09fe000 ---p 00000000 00:00 0 
7ff1f09fe000-7ff1f0afb000 rw-p 00000000 00:00 0 
7ff1f0afb000-7ff1f0aff000 ---p 00000000 00:00 0 
7ff1f0aff000-7ff1f0bfc000 rw-p 00000000 00:00 0 
7ff1f0bfc000-7ff1f0c00000 ---p 00000000 00:00 0 
7ff1f0c00000-7ff1f0cfd000 rw-p 00000000 00:00 0 
7ff1f0cfd000-7ff1f0d01000 ---p 00000000 00:00 0 
7ff1f0d01000-7ff1f0dfe000 rw-p 00000000 00:00 0 
7ff1f0dfe000-7ff1f0e02000 ---p 00000000 00:00 0 
7ff1f0e02000-7ff1f0eff000 rw-p 00000000 00:00 0 
7ff1f0eff000-7ff1f0f03000 ---p 00000000 00:00 0 
7ff1f0f03000-7ff1f1000000 rw-p 00000000 00:00 0 
7ff1f1000000-7ff1f1bb6000 rw-p 00001000 fd:00 2235332                    /home/upm/.vscode/extensions/redhat.java-1.41.1-linux-x64/jre/21.0.6-linux-x86_64/lib/server/classes.jsa
7ff1f1bb6000-7ff1f2000000 ---p 00000000 00:00 0 
7ff1f2000000-7ff1f2040000 rw-p 00000000 00:00 0 
7ff1f2040000-7ff1f2100000 rw-p 00000000 00:00 0 
7ff1f2100000-7ff1f2240000 rw-p 00000000 00:00 0 
7ff1f2240000-7ff1f2280000 rw-p 00000000 00:00 0 
7ff1f2280000-7ff1f24e0000 rw-p 00000000 00:00 0 
7ff1f24e0000-7ff1f2500000 ---p 00000000 00:00 0 
7ff1f2500000-7ff1f26c0000 rw-p 00000000 00:00 0 
7ff1f26c0000-7ff232000000 ---p 00000000 00:00 0 
7ff232000000-7ff234000000 rw-p 00000000 00:00 0 
7ff234000000-7ff2341a4000 rw-p 00000000 00:00 0 
7ff2341a4000-7ff238000000 ---p 00000000 00:00 0 
7ff238086000-7ff23808a000 ---p 00000000 00:00 0 
7ff23808a000-7ff238187000 rw-p 00000000 00:00 0 
7ff238187000-7ff23818b000 ---p 00000000 00:00 0 
7ff23818b000-7ff238288000 rw-p 00000000 00:00 0 
7ff238288000-7ff23828c000 ---p 00000000 00:00 0 
7ff23828c000-7ff238389000 rw-p 00000000 00:00 0 
7ff238389000-7ff23838d000 ---p 00000000 00:00 0 
7ff23838d000-7ff23848a000 rw-p 00000000 00:00 0 
7ff23848a000-7ff23848e000 ---p 00000000 00:00 0 
7ff23848e000-7ff23858b000 rw-p 00000000 00:00 0 
7ff23858b000-7ff23858f000 ---p 00000000 00:00 0 
7ff23858f000-7ff23868c000 rw-p 00000000 00:00 0 
7ff23868c000-7ff238690000 ---p 00000000 00:00 0 
7ff238690000-7ff23878d000 rw-p 00000000 00:00 0 
7ff23878d000-7ff238791000 ---p 00000000 00:00 0 
7ff238791000-7ff23888e000 rw-p 00000000 00:00 0 
7ff23888e000-7ff238892000 ---p 00000000 00:00 0 
7ff238892000-7ff23898f000 rw-p 00000000 00:00 0 
7ff2389c0000-7ff2389c4000 ---p 00000000 00:00 0 
7ff2389c4000-7ff238ac1000 rw-p 00000000 00:00 0 
7ff238ac1000-7ff238ac5000 ---p 00000000 00:00 0 
7ff238ac5000-7ff238bc2000 rw-p 00000000 00:00 0 
7ff238bc2000-7ff238bc6000 ---p 00000000 00:00 0 
7ff238bc6000-7ff238cc3000 rw-p 00000000 00:00 0 
7ff238cc3000-7ff238cc7000 ---p 00000000 00:00 0 
7ff238cc7000-7ff238dc4000 rw-p 00000000 00:00 0 
7ff238dc4000-7ff238dc8000 ---p 00000000 00:00 0 
7ff238dc8000-7ff238ec5000 rw-p 00000000 00:00 0 
7ff238ec5000-7ff238ec9000 ---p 00000000 00:00 0 
7ff238ec9000-7ff238fc6000 rw-p 00000000 00:00 0 
7ff238fc6000-7ff238fca000 ---p 00000000 00:00 0 
7ff238fca000-7ff2390c7000 rw-p 00000000 00:00 0 
7ff2390c7000-7ff2390cb000 ---p 00000000 00:00 0 
7ff2390cb000-7ff2391c8000 rw-p 00000000 00:00 0 
7ff2391c8000-7ff2391cc000 ---p 00000000 00:00 0 
7ff2391cc000-7ff2392c9000 rw-p 00000000 00:00 0 
7ff2392c9000-7ff2392cd000 ---p 00000000 00:00 0 
7ff2392cd000-7ff2393ca000 rw-p 00000000 00:00 0 
7ff2393ca000-7ff2393ce000 ---p 00000000 00:00 0 
7ff2393ce000-7ff2394cb000 rw-p 00000000 00:00 0 
7ff2394cb000-7ff2394cf000 ---p 00000000 00:00 0 
7ff2394cf000-7ff2395cc000 rw-p 00000000 00:00 0 
7ff2395cc000-7ff2395d0000 r--p 00000000 fd:00 2231693                    /home/upm/.config/Code/User/globalStorage/redhat.java/1.41.1/config_linux/org.eclipse.equinox.launcher/org.eclipse.equinox.launcher.gtk.linux.x86_64_1.2.1400.v20250331-1702/eclipse_11911.so
7ff2395d0000-7ff2395da000 r-xp 00004000 fd:00 2231693                    /home/upm/.config/Code/User/globalStorage/redhat.java/1.41.1/config_linux/org.eclipse.equinox.launcher/org.eclipse.equinox.launcher.gtk.linux.x86_64_1.2.1400.v20250331-1702/eclipse_11911.so
7ff2395da000-7ff2395dd000 r--p 0000e000 fd:00 2231693                    /home/upm/.config/Code/User/globalStorage/redhat.java/1.41.1/config_linux/org.eclipse.equinox.launcher/org.eclipse.equinox.launcher.gtk.linux.x86_64_1.2.1400.v20250331-1702/eclipse_11911.so
7ff2395dd000-7ff2395de000 r--p 00010000 fd:00 2231693                    /home/upm/.config/Code/User/globalStorage/redhat.java/1.41.1/config_linux/org.eclipse.equinox.launcher/org.eclipse.equinox.launcher.gtk.linux.x86_64_1.2.1400.v20250331-1702/eclipse_11911.so
7ff2395de000-7ff2395df000 rw-p 00011000 fd:00 2231693                    /home/upm/.config/Code/User/globalStorage/redhat.java/1.41.1/config_linux/org.eclipse.equinox.launcher/org.eclipse.equinox.launcher.gtk.linux.x86_64_1.2.1400.v20250331-1702/eclipse_11911.so
7ff2395df000-7ff2395e0000 rw-p 00000000 00:00 0 
7ff2395e0000-7ff2395e4000 ---p 00000000 00:00 0 
7ff2395e4000-7ff2396e1000 rw-p 00000000 00:00 0 
7ff2396e1000-7ff2396e5000 ---p 00000000 00:00 0 
7ff2396e5000-7ff2397e2000 rw-p 00000000 00:00 0 
7ff2397e2000-7ff2397e3000 ---p 00000000 00:00 0 
7ff2397e3000-7ff2398e3000 rw-p 00000000 00:00 0 
7ff2398e3000-7ff2398e4000 ---p 00000000 00:00 0 
7ff2398e4000-7ff2399e4000 rw-p 00000000 00:00 0 
7ff2399e4000-7ff2399e5000 ---p 00000000 00:00 0 
7ff2399e5000-7ff239ae5000 rw-p 00000000 00:00 0 
7ff239ae5000-7ff239ae9000 ---p 00000000 00:00 0 
7ff239ae9000-7ff239be6000 rw-p 00000000 00:00 0 
7ff239be6000-7ff239bea000 ---p 00000000 00:00 0 
7ff239bea000-7ff239ce7000 rw-p 00000000 00:00 0 
7ff239ce7000-7ff239cf4000 r-xp 00000000 fd:00 2235318                    /home/upm/.vscode/extensions/redhat.java-1.41.1-linux-x64/jre/21.0.6-linux-x86_64/lib/libverify.so
7ff239cf4000-7ff239cf6000 r--p 0000c000 fd:00 2235318                    /home/upm/.vscode/extensions/redhat.java-1.41.1-linux-x64/jre/21.0.6-linux-x86_64/lib/libverify.so
7ff239cf6000-7ff239cf7000 rw-p 0000e000 fd:00 2235318                    /home/upm/.vscode/extensions/redhat.java-1.41.1-linux-x64/jre/21.0.6-linux-x86_64/lib/libverify.so
7ff239cf7000-7ff239d03000 r-xp 00000000 fd:00 2235311                    /home/upm/.vscode/extensions/redhat.java-1.41.1-linux-x64/jre/21.0.6-linux-x86_64/lib/libnet.so
7ff239d03000-7ff239d04000 r--p 0000b000 fd:00 2235311                    /home/upm/.vscode/extensions/redhat.java-1.41.1-linux-x64/jre/21.0.6-linux-x86_64/lib/libnet.so
7ff239d04000-7ff239d05000 rw-p 0000c000 fd:00 2235311                    /home/upm/.vscode/extensions/redhat.java-1.41.1-linux-x64/jre/21.0.6-linux-x86_64/lib/libnet.so
7ff239d05000-7ff239d19000 r-xp 00000000 fd:00 2234876                    /home/upm/.vscode/extensions/redhat.java-1.41.1-linux-x64/jre/21.0.6-linux-x86_64/lib/libnio.so
7ff239d19000-7ff239d1a000 r--p 00013000 fd:00 2234876                    /home/upm/.vscode/extensions/redhat.java-1.41.1-linux-x64/jre/21.0.6-linux-x86_64/lib/libnio.so
7ff239d1a000-7ff239d1b000 rw-p 00014000 fd:00 2234876                    /home/upm/.vscode/extensions/redhat.java-1.41.1-linux-x64/jre/21.0.6-linux-x86_64/lib/libnio.so
7ff239d1b000-7ff239d36000 r-xp 00000000 fd:00 2235319                    /home/upm/.vscode/extensions/redhat.java-1.41.1-linux-x64/jre/21.0.6-linux-x86_64/lib/libzip.so
7ff239d36000-7ff239d37000 r--p 0001a000 fd:00 2235319                    /home/upm/.vscode/extensions/redhat.java-1.41.1-linux-x64/jre/21.0.6-linux-x86_64/lib/libzip.so
7ff239d37000-7ff239d38000 rw-p 0001b000 fd:00 2235319                    /home/upm/.vscode/extensions/redhat.java-1.41.1-linux-x64/jre/21.0.6-linux-x86_64/lib/libzip.so
7ff239d38000-7ff239d3c000 ---p 00000000 00:00 0 
7ff239d3c000-7ff239e39000 rw-p 00000000 00:00 0 
7ff239e39000-7ff23b239000 rwxp 00000000 00:00 0 
7ff23b239000-7ff241370000 ---p 00000000 00:00 0 
7ff241370000-7ff2415e0000 rwxp 00000000 00:00 0 
7ff2415e0000-7ff241901000 ---p 00000000 00:00 0 
7ff241901000-7ff241ee1000 rwxp 00000000 00:00 0 
7ff241ee1000-7ff248e39000 ---p 00000000 00:00 0 
7ff248e39000-7ff24c000000 r--s 00000000 fd:00 2235320                    /home/upm/.vscode/extensions/redhat.java-1.41.1-linux-x64/jre/21.0.6-linux-x86_64/lib/modules
7ff24c000000-7ff24c4d0000 rw-p 00000000 00:00 0 
7ff24c4d0000-7ff250000000 ---p 00000000 00:00 0 
7ff25000d000-7ff250011000 ---p 00000000 00:00 0 
7ff250011000-7ff25010e000 rw-p 00000000 00:00 0 
7ff25010e000-7ff250112000 ---p 00000000 00:00 0 
7ff250112000-7ff25020f000 rw-p 00000000 00:00 0 
7ff25020f000-7ff250213000 ---p 00000000 00:00 0 
7ff250213000-7ff250310000 rw-p 00000000 00:00 0 
7ff250310000-7ff250314000 ---p 00000000 00:00 0 
7ff250314000-7ff250411000 rw-p 00000000 00:00 0 
7ff250411000-7ff250415000 ---p 00000000 00:00 0 
7ff250415000-7ff250512000 rw-p 00000000 00:00 0 
7ff250512000-7ff250516000 ---p 00000000 00:00 0 
7ff250516000-7ff250613000 rw-p 00000000 00:00 0 
7ff250613000-7ff250617000 ---p 00000000 00:00 0 
7ff250617000-7ff250714000 rw-p 00000000 00:00 0 
7ff250714000-7ff250c88000 r--p 00000000 fd:00 1836264                    /usr/lib/locale/locale-archive
7ff250c88000-7ff250c89000 ---p 00000000 00:00 0 
7ff250c89000-7ff251995000 rw-p 00000000 00:00 0 
7ff251995000-7ff251996000 ---p 00000000 00:00 0 
7ff251996000-7ff251df8000 rw-p 00000000 00:00 0 
7ff251df8000-7ff251f1d000 ---p 00000000 00:00 0 
7ff251f1d000-7ff251f1e000 ---p 00000000 00:00 0 
7ff251f1e000-7ff25204f000 rw-p 00000000 00:00 0 
7ff25204f000-7ff252173000 ---p 00000000 00:00 0 
7ff252173000-7ff25217c000 rw-p 00000000 00:00 0 
7ff25217c000-7ff25221f000 ---p 00000000 00:00 0 
7ff25221f000-7ff25222b000 rw-p 00000000 00:00 0 
7ff25222b000-7ff25230a000 ---p 00000000 00:00 0 
7ff25230a000-7ff252332000 rw-p 00000000 00:00 0 
7ff252332000-7ff2523f5000 ---p 00000000 00:00 0 
7ff2523f5000-7ff2523fa000 rw-p 00000000 00:00 0 
7ff2523fa000-7ff252401000 ---p 00000000 00:00 0 
7ff252401000-7ff252404000 r--p 00000000 fd:00 1838872                    /usr/lib/x86_64-linux-gnu/libnss_files-2.31.so
7ff252404000-7ff25240b000 r-xp 00003000 fd:00 1838872                    /usr/lib/x86_64-linux-gnu/libnss_files-2.31.so
7ff25240b000-7ff25240d000 r--p 0000a000 fd:00 1838872                    /usr/lib/x86_64-linux-gnu/libnss_files-2.31.so
7ff25240d000-7ff25240e000 r--p 0000b000 fd:00 1838872                    /usr/lib/x86_64-linux-gnu/libnss_files-2.31.so
7ff25240e000-7ff25240f000 rw-p 0000c000 fd:00 1838872                    /usr/lib/x86_64-linux-gnu/libnss_files-2.31.so
7ff25240f000-7ff252415000 rw-p 00000000 00:00 0 
7ff252419000-7ff252420000 r--s 00000000 fd:00 9587                       /usr/lib/x86_64-linux-gnu/gconv/gconv-modules.cache
7ff252420000-7ff252428000 rw-s 00000000 fd:00 1722378                    /tmp/hsperfdata_upm/4936
7ff252428000-7ff252448000 r-xp 00000000 fd:00 2235292                    /home/upm/.vscode/extensions/redhat.java-1.41.1-linux-x64/jre/21.0.6-linux-x86_64/lib/libjava.so
7ff252448000-7ff252449000 ---p 00020000 fd:00 2235292                    /home/upm/.vscode/extensions/redhat.java-1.41.1-linux-x64/jre/21.0.6-linux-x86_64/lib/libjava.so
7ff252449000-7ff25244a000 r--p 00020000 fd:00 2235292                    /home/upm/.vscode/extensions/redhat.java-1.41.1-linux-x64/jre/21.0.6-linux-x86_64/lib/libjava.so
7ff25244a000-7ff25244b000 rw-p 00021000 fd:00 2235292                    /home/upm/.vscode/extensions/redhat.java-1.41.1-linux-x64/jre/21.0.6-linux-x86_64/lib/libjava.so
7ff25244b000-7ff25244c000 rw-p 00000000 00:00 0 
7ff25244c000-7ff252467000 r-xp 00000000 fd:00 2235296                    /home/upm/.vscode/extensions/redhat.java-1.41.1-linux-x64/jre/21.0.6-linux-x86_64/lib/libjimage.so
7ff252467000-7ff252468000 ---p 0001b000 fd:00 2235296                    /home/upm/.vscode/extensions/redhat.java-1.41.1-linux-x64/jre/21.0.6-linux-x86_64/lib/libjimage.so
7ff252468000-7ff25246a000 r--p 0001b000 fd:00 2235296                    /home/upm/.vscode/extensions/redhat.java-1.41.1-linux-x64/jre/21.0.6-linux-x86_64/lib/libjimage.so
7ff25246a000-7ff25246b000 rw-p 0001d000 fd:00 2235296                    /home/upm/.vscode/extensions/redhat.java-1.41.1-linux-x64/jre/21.0.6-linux-x86_64/lib/libjimage.so
7ff25246b000-7ff25246f000 ---p 00000000 00:00 0 
7ff25246f000-7ff25256c000 rw-p 00000000 00:00 0 
7ff25256c000-7ff252579000 r--p 00000000 fd:00 1838075                    /usr/lib/x86_64-linux-gnu/libm-2.31.so
7ff252579000-7ff252620000 r-xp 0000d000 fd:00 1838075                    /usr/lib/x86_64-linux-gnu/libm-2.31.so
7ff252620000-7ff2526b9000 r--p 000b4000 fd:00 1838075                    /usr/lib/x86_64-linux-gnu/libm-2.31.so
7ff2526b9000-7ff2526ba000 r--p 0014c000 fd:00 1838075                    /usr/lib/x86_64-linux-gnu/libm-2.31.so
7ff2526ba000-7ff2526bb000 rw-p 0014d000 fd:00 1838075                    /usr/lib/x86_64-linux-gnu/libm-2.31.so
7ff2526bb000-7ff2526bd000 r--p 00000000 fd:00 1838879                    /usr/lib/x86_64-linux-gnu/librt-2.31.so
7ff2526bd000-7ff2526c1000 r-xp 00002000 fd:00 1838879                    /usr/lib/x86_64-linux-gnu/librt-2.31.so
7ff2526c1000-7ff2526c3000 r--p 00006000 fd:00 1838879                    /usr/lib/x86_64-linux-gnu/librt-2.31.so
7ff2526c3000-7ff2526c4000 r--p 00007000 fd:00 1838879                    /usr/lib/x86_64-linux-gnu/librt-2.31.so
7ff2526c4000-7ff2526c5000 rw-p 00008000 fd:00 1838879                    /usr/lib/x86_64-linux-gnu/librt-2.31.so
7ff2526c5000-7ff253ad4000 r-xp 00000000 fd:00 2235334                    /home/upm/.vscode/extensions/redhat.java-1.41.1-linux-x64/jre/21.0.6-linux-x86_64/lib/server/libjvm.so
7ff253ad4000-7ff253ba8000 r--p 0140e000 fd:00 2235334                    /home/upm/.vscode/extensions/redhat.java-1.41.1-linux-x64/jre/21.0.6-linux-x86_64/lib/server/libjvm.so
7ff253ba8000-7ff253bd8000 rw-p 014e2000 fd:00 2235334                    /home/upm/.vscode/extensions/redhat.java-1.41.1-linux-x64/jre/21.0.6-linux-x86_64/lib/server/libjvm.so
7ff253bd8000-7ff253c40000 rw-p 00000000 00:00 0 
7ff253c40000-7ff253c62000 r--p 00000000 fd:00 1837580                    /usr/lib/x86_64-linux-gnu/libc-2.31.so
7ff253c62000-7ff253dda000 r-xp 00022000 fd:00 1837580                    /usr/lib/x86_64-linux-gnu/libc-2.31.so
7ff253dda000-7ff253e28000 r--p 0019a000 fd:00 1837580                    /usr/lib/x86_64-linux-gnu/libc-2.31.so
7ff253e28000-7ff253e2c000 r--p 001e7000 fd:00 1837580                    /usr/lib/x86_64-linux-gnu/libc-2.31.so
7ff253e2c000-7ff253e2e000 rw-p 001eb000 fd:00 1837580                    /usr/lib/x86_64-linux-gnu/libc-2.31.so
7ff253e2e000-7ff253e32000 rw-p 00000000 00:00 0 
7ff253e32000-7ff253e33000 r--p 00000000 fd:00 1837581                    /usr/lib/x86_64-linux-gnu/libdl-2.31.so
7ff253e33000-7ff253e35000 r-xp 00001000 fd:00 1837581                    /usr/lib/x86_64-linux-gnu/libdl-2.31.so
7ff253e35000-7ff253e36000 r--p 00003000 fd:00 1837581                    /usr/lib/x86_64-linux-gnu/libdl-2.31.so
7ff253e36000-7ff253e37000 r--p 00003000 fd:00 1837581                    /usr/lib/x86_64-linux-gnu/libdl-2.31.so
7ff253e37000-7ff253e38000 rw-p 00004000 fd:00 1837581                    /usr/lib/x86_64-linux-gnu/libdl-2.31.so
7ff253e38000-7ff253e3e000 r--p 00000000 fd:00 1838877                    /usr/lib/x86_64-linux-gnu/libpthread-2.31.so
7ff253e3e000-7ff253e4f000 r-xp 00006000 fd:00 1838877                    /usr/lib/x86_64-linux-gnu/libpthread-2.31.so
7ff253e4f000-7ff253e55000 r--p 00017000 fd:00 1838877                    /usr/lib/x86_64-linux-gnu/libpthread-2.31.so
7ff253e55000-7ff253e56000 r--p 0001c000 fd:00 1838877                    /usr/lib/x86_64-linux-gnu/libpthread-2.31.so
7ff253e56000-7ff253e57000 rw-p 0001d000 fd:00 1838877                    /usr/lib/x86_64-linux-gnu/libpthread-2.31.so
7ff253e57000-7ff253e5b000 rw-p 00000000 00:00 0 
7ff253e5f000-7ff253e69000 r-xp 00000000 fd:00 2235287                    /home/upm/.vscode/extensions/redhat.java-1.41.1-linux-x64/jre/21.0.6-linux-x86_64/lib/libinstrument.so
7ff253e69000-7ff253e6a000 ---p 0000a000 fd:00 2235287                    /home/upm/.vscode/extensions/redhat.java-1.41.1-linux-x64/jre/21.0.6-linux-x86_64/lib/libinstrument.so
7ff253e6a000-7ff253e6b000 r--p 0000a000 fd:00 2235287                    /home/upm/.vscode/extensions/redhat.java-1.41.1-linux-x64/jre/21.0.6-linux-x86_64/lib/libinstrument.so
7ff253e6b000-7ff253e6c000 rw-p 0000b000 fd:00 2235287                    /home/upm/.vscode/extensions/redhat.java-1.41.1-linux-x64/jre/21.0.6-linux-x86_64/lib/libinstrument.so
7ff253e6c000-7ff253e6d000 ---p 00000000 00:00 0 
7ff253e6d000-7ff253e6e000 r--p 00000000 00:00 0 
7ff253e6e000-7ff253e87000 r-xp 00000000 fd:00 2235297                    /home/upm/.vscode/extensions/redhat.java-1.41.1-linux-x64/jre/21.0.6-linux-x86_64/lib/libjli.so
7ff253e87000-7ff253e88000 r--p 00018000 fd:00 2235297                    /home/upm/.vscode/extensions/redhat.java-1.41.1-linux-x64/jre/21.0.6-linux-x86_64/lib/libjli.so
7ff253e88000-7ff253e89000 rw-p 00019000 fd:00 2235297                    /home/upm/.vscode/extensions/redhat.java-1.41.1-linux-x64/jre/21.0.6-linux-x86_64/lib/libjli.so
7ff253e89000-7ff253e8b000 rw-p 00000000 00:00 0 
7ff253e8b000-7ff253e8c000 r--p 00000000 fd:00 1837345                    /usr/lib/x86_64-linux-gnu/ld-2.31.so
7ff253e8c000-7ff253eaf000 r-xp 00001000 fd:00 1837345                    /usr/lib/x86_64-linux-gnu/ld-2.31.so
7ff253eaf000-7ff253eb7000 r--p 00024000 fd:00 1837345                    /usr/lib/x86_64-linux-gnu/ld-2.31.so
7ff253eb7000-7ff253eb8000 ---p 00000000 00:00 0 
7ff253eb8000-7ff253eb9000 r--p 0002c000 fd:00 1837345                    /usr/lib/x86_64-linux-gnu/ld-2.31.so
7ff253eb9000-7ff253eba000 rw-p 0002d000 fd:00 1837345                    /usr/lib/x86_64-linux-gnu/ld-2.31.so
7ff253eba000-7ff253ebb000 rw-p 00000000 00:00 0 
7fff8493b000-7fff8495c000 rw-p 00000000 00:00 0                          [stack]
7fff84976000-7fff84979000 r--p 00000000 00:00 0                          [vvar]
7fff84979000-7fff8497a000 r-xp 00000000 00:00 0                          [vdso]
ffffffffff600000-ffffffffff601000 --xp 00000000 00:00 0                  [vsyscall]
Total number of mappings: 298


VM Arguments:
jvm_args: --add-modules=ALL-SYSTEM --add-opens=java.base/java.util=ALL-UNNAMED --add-opens=java.base/java.lang=ALL-UNNAMED --add-opens=java.base/sun.nio.fs=ALL-UNNAMED -Declipse.application=org.eclipse.jdt.ls.core.id1 -Dosgi.bundles.defaultStartLevel=4 -Declipse.product=org.eclipse.jdt.ls.core.product -Djava.import.generatesMetadataFilesAtProjectRoot=false -DDetectVMInstallationsJob.disabled=true -Dfile.encoding=utf8 -XX:+UseParallelGC -XX:GCTimeRatio=4 -XX:AdaptiveSizePolicyWeight=90 -Dsun.zip.disableMemoryMapping=true -Xmx1G -Xms100m -Xlog:disable -javaagent:/home/upm/.vscode/extensions/redhat.java-1.41.1-linux-x64/lombok/lombok-1.18.36.jar -XX:+HeapDumpOnOutOfMemoryError -XX:HeapDumpPath=/home/upm/.config/Code/User/workspaceStorage/4f63ed319ae6bdb359ec8d0892c76dff/redhat.java -Daether.dependencyCollector.impl=bf 
java_command: /home/upm/.vscode/extensions/redhat.java-1.41.1-linux-x64/server/plugins/org.eclipse.equinox.launcher_1.7.0.v20250331-1702.jar -configuration /home/upm/.config/Code/User/globalStorage/redhat.java/1.41.1/config_linux -data /home/upm/.config/Code/User/workspaceStorage/4f63ed319ae6bdb359ec8d0892c76dff/redhat.java/jdt_ws --pipe=/run/user/1001/lsp-e5838ad6ebb38fc298a6c5b9cec775e1.sock
java_class_path (initial): /home/upm/.vscode/extensions/redhat.java-1.41.1-linux-x64/server/plugins/org.eclipse.equinox.launcher_1.7.0.v20250331-1702.jar
Launcher Type: SUN_STANDARD

[Global flags]
    uintx AdaptiveSizePolicyWeight                 = 90                                        {product} {command line}
     intx CICompilerCount                          = 3                                         {product} {ergonomic}
    uintx GCTimeRatio                              = 4                                         {product} {command line}
     bool HeapDumpOnOutOfMemoryError               = true                                   {manageable} {command line}
    ccstr HeapDumpPath                             = /home/upm/.config/Code/User/workspaceStorage/4f63ed319ae6bdb359ec8d0892c76dff/redhat.java         {manageable} {command line}
   size_t InitialHeapSize                          = 104857600                                 {product} {command line}
   size_t MaxHeapSize                              = 1073741824                                {product} {command line}
   size_t MaxNewSize                               = 357564416                                 {product} {ergonomic}
   size_t MinHeapDeltaBytes                        = 524288                                    {product} {ergonomic}
   size_t MinHeapSize                              = 104857600                                 {product} {command line}
   size_t NewSize                                  = 34603008                                  {product} {ergonomic}
    uintx NonNMethodCodeHeapSize                   = 5832780                                {pd product} {ergonomic}
    uintx NonProfiledCodeHeapSize                  = 122912730                              {pd product} {ergonomic}
   size_t OldSize                                  = 70254592                                  {product} {ergonomic}
    uintx ProfiledCodeHeapSize                     = 122912730                              {pd product} {ergonomic}
    uintx ReservedCodeCacheSize                    = 251658240                              {pd product} {ergonomic}
     bool SegmentedCodeCache                       = true                                      {product} {ergonomic}
   size_t SoftMaxHeapSize                          = 1073741824                             {manageable} {ergonomic}
     bool UseCompressedOops                        = true                           {product lp64_product} {ergonomic}
     bool UseParallelGC                            = true                                      {product} {command line}

Logging:
Log output configuration:
 #0: stdout all=off uptime,level,tags foldmultilines=false
 #1: stderr all=off uptime,level,tags foldmultilines=false

Environment Variables:
JAVA_HOME=/usr/lib/jvm/java-17-openjdk-amd64
PATH=/home/upm/.local/bin:/home/upm/bin:/usr/lib/jvm/java-17-openjdk-amd64/bin:/opt/gradle/gradle-8.5/bin:/home/upm/.config/nvm/versions/node/v18.20.7/bin:/home/upm/.local/bin:/home/upm/bin:/usr/local/sbin:/usr/local/bin:/usr/sbin:/usr/bin:/sbin:/bin:/usr/games:/usr/local/games:/snap/bin:/home/upm/bin
XDG_CACHE_HOME=/home/upm/.cache
XDG_CONFIG_HOME=/home/upm/.config
SHELL=/bin/bash
DISPLAY=:0
LANG=es_ES.UTF-8
TERM=qterminal

Active Locale:
LC_ALL=LC_CTYPE=es_ES.UTF-8;LC_NUMERIC=es_ES.UTF-8;LC_TIME=es_ES.UTF-8;LC_COLLATE=es_ES.UTF-8;LC_MONETARY=es_ES.UTF-8;LC_MESSAGES=C;LC_PAPER=es_ES.UTF-8;LC_NAME=es_ES.UTF-8;LC_ADDRESS=es_ES.UTF-8;LC_TELEPHONE=es_ES.UTF-8;LC_MEASUREMENT=es_ES.UTF-8;LC_IDENTIFICATION=es_ES.UTF-8
LC_COLLATE=es_ES.UTF-8
LC_CTYPE=es_ES.UTF-8
LC_MESSAGES=C
LC_MONETARY=es_ES.UTF-8
LC_NUMERIC=es_ES.UTF-8
LC_TIME=es_ES.UTF-8

Signal Handlers:
   SIGSEGV: crash_handler in libjvm.so, mask=11100100010111111101111111111110, flags=SA_RESTART|SA_SIGINFO, unblocked
    SIGBUS: crash_handler in libjvm.so, mask=11100100010111111101111111111110, flags=SA_RESTART|SA_SIGINFO, unblocked
    SIGFPE: crash_handler in libjvm.so, mask=11100100010111111101111111111110, flags=SA_RESTART|SA_SIGINFO, unblocked
   SIGPIPE: javaSignalHandler in libjvm.so, mask=11100100010111111101111111111110, flags=SA_RESTART|SA_SIGINFO, blocked
   SIGXFSZ: javaSignalHandler in libjvm.so, mask=11100100010111111101111111111110, flags=SA_RESTART|SA_SIGINFO, blocked
    SIGILL: crash_handler in libjvm.so, mask=11100100010111111101111111111110, flags=SA_RESTART|SA_SIGINFO, unblocked
   SIGUSR2: SR_handler in libjvm.so, mask=00000000000000000000000000000000, flags=SA_RESTART|SA_SIGINFO, blocked
    SIGHUP: UserHandler in libjvm.so, mask=11100100010111111101111111111110, flags=SA_RESTART|SA_SIGINFO, blocked
    SIGINT: UserHandler in libjvm.so, mask=11100100010111111101111111111110, flags=SA_RESTART|SA_SIGINFO, blocked
   SIGTERM: UserHandler in libjvm.so, mask=11100100010111111101111111111110, flags=SA_RESTART|SA_SIGINFO, blocked
   SIGQUIT: UserHandler in libjvm.so, mask=11100100010111111101111111111110, flags=SA_RESTART|SA_SIGINFO, blocked
   SIGTRAP: crash_handler in libjvm.so, mask=11100100010111111101111111111110, flags=SA_RESTART|SA_SIGINFO, unblocked


Periodic native trim disabled

---------------  S Y S T E M  ---------------

OS:
DISTRIB_ID=Ubuntu
DISTRIB_RELEASE=20.04
DISTRIB_CODENAME=focal
DISTRIB_DESCRIPTION="Ubuntu 20.04.6 LTS"
uname: Linux 5.4.0-208-generic #228-Ubuntu SMP Fri Feb 7 19:41:33 UTC 2025 x86_64
OS uptime: 0 days 0:06 hours
libc: glibc 2.31 NPTL 2.31 
rlimit (soft/hard): STACK 8192k/infinity , CORE 0k/infinity , NPROC 15443/15443 , NOFILE 1048576/1048576 , AS infinity/infinity , CPU infinity/infinity , DATA infinity/infinity , FSIZE infinity/infinity , MEMLOCK 65536k/65536k
load average: 9,64 5,06 2,15

/proc/meminfo:
MemTotal:        4013532 kB
MemFree:          168640 kB
MemAvailable:     747548 kB
Buffers:           51080 kB
Cached:           776576 kB
SwapCached:         4356 kB
Active:          2854452 kB
Inactive:         714060 kB
Active(anon):    2451092 kB
Inactive(anon):   370228 kB
Active(file):     403360 kB
Inactive(file):   343832 kB
Unevictable:       28272 kB
Mlocked:           28272 kB
SwapTotal:       2009084 kB
SwapFree:        1926140 kB
Dirty:              1184 kB
Writeback:             0 kB
AnonPages:       2767064 kB
Mapped:           402080 kB
Shmem:             64188 kB
KReclaimable:      69344 kB
Slab:             173952 kB
SReclaimable:      69344 kB
SUnreclaim:       104608 kB
KernelStack:       10576 kB
PageTables:        21604 kB
NFS_Unstable:          0 kB
Bounce:                0 kB
WritebackTmp:          0 kB
CommitLimit:     4015848 kB
Committed_AS:    9041484 kB
VmallocTotal:   34359738367 kB
VmallocUsed:       37896 kB
VmallocChunk:          0 kB
Percpu:             3120 kB
HardwareCorrupted:     0 kB
AnonHugePages:         0 kB
ShmemHugePages:        0 kB
ShmemPmdMapped:        0 kB
FileHugePages:         0 kB
FilePmdMapped:         0 kB
CmaTotal:              0 kB
CmaFree:               0 kB
HugePages_Total:       0
HugePages_Free:        0
HugePages_Rsvd:        0
HugePages_Surp:        0
Hugepagesize:       2048 kB
Hugetlb:               0 kB
DirectMap4k:      212928 kB
DirectMap2M:     3981312 kB

/sys/kernel/mm/transparent_hugepage/enabled: always [madvise] never
/sys/kernel/mm/transparent_hugepage/hpage_pmd_size: 2097152
/sys/kernel/mm/transparent_hugepage/defrag (defrag/compaction efforts parameter): always defer defer+madvise [madvise] never

Process Memory:
Virtual Size: 4770864K (peak: 4770864K)
Resident Set Size: 415464K (peak: 417776K) (anon: 365112K, file: 50352K, shmem: 0K)
Swapped out: 0K
C-Heap outstanding allocations: 89010K, retained: 70741K (may have wrapped)
glibc malloc tunables: (default)

/proc/sys/kernel/threads-max (system-wide limit on the number of threads): 30886
/proc/sys/vm/max_map_count (maximum number of memory map areas a process may have): 65530
/proc/sys/vm/swappiness (control to define how aggressively the kernel swaps out anonymous memory): 60
/proc/sys/kernel/pid_max (system-wide limit on number of process identifiers): 4194304

container (cgroup) information:
container_type: cgroupv1
cpu_cpuset_cpus: 0-3
cpu_memory_nodes: 0
active_processor_count: 4
cpu_quota: no quota
cpu_period: 100000
cpu_shares: no shares
memory_limit_in_bytes: unlimited
memory_and_swap_limit_in_bytes: unlimited
memory_soft_limit_in_bytes: unlimited
memory_usage_in_bytes: 3368840 k
memory_max_usage_in_bytes: 3511952 k
kernel_memory_usage_in_bytes: 72464 k
kernel_memory_max_usage_in_bytes: unlimited
kernel_memory_limit_in_bytes: 75212 k
maximum number of tasks: unlimited
current number of tasks: 387

KVM virtualization detected
Steal ticks since vm start: 0
Steal ticks percentage since vm start:  0,000

CPU: total 4 (initial active 4) (4 cores per cpu, 1 threads per core) family 6 model 142 stepping 12 microcode 0xffffffff, cx8, cmov, fxsr, mmx, sse, sse2, sse3, ssse3, sse4.1, sse4.2, popcnt, tsc, tscinvbit, clflush, hv, rdtscp
CPU Model and flags from /proc/cpuinfo:
model name	: Intel(R) Core(TM) i7-10510U CPU @ 1.80GHz
flags		: fpu vme de pse tsc msr pae mce cx8 apic sep mtrr pge mca cmov pat pse36 clflush mmx fxsr sse sse2 ht syscall nx rdtscp lm constant_tsc rep_good nopl xtopology nonstop_tsc cpuid tsc_known_freq pni ssse3 cx16 pcid sse4_1 sse4_2 popcnt hypervisor lahf_lm invpcid_single ibrs_enhanced fsgsbase invpcid md_clear flush_l1d arch_capabilities

Online cpus: 0-3
Offline cpus: 
BIOS frequency limitation: <Not Available>
Frequency switch latency (ns): <Not Available>
Available cpu frequencies: <Not Available>
Current governor: <Not Available>
Core performance/turbo boost: <Not Available>

Memory: 4k page, physical 4013532k(747548k free), swap 2009084k(1926140k free)
Page Sizes: 4k

vm_info: OpenJDK 64-Bit Server VM (21.0.6+7-LTS) for linux-amd64 JRE (21.0.6+7-LTS), built on 2025-01-21T00:00:00Z by "admin" with gcc 11.3.0

END.
